{"E:\\project\\node\\utils\\src\\utils\\format.ts": {"path":"E:\\project\\node\\utils\\src\\utils\\format.ts","all":false,"statementMap":{"47":{"start":{"line":48,"column":0},"end":{"line":48,"column":28}},"48":{"start":{"line":49,"column":0},"end":{"line":49,"column":18}},"49":{"start":{"line":50,"column":0},"end":{"line":50,"column":15}},"60":{"start":{"line":61,"column":0},"end":{"line":61,"column":11}},"62":{"start":{"line":63,"column":0},"end":{"line":63,"column":34}},"63":{"start":{"line":64,"column":0},"end":{"line":64,"column":49}},"64":{"start":{"line":65,"column":0},"end":{"line":65,"column":53}},"65":{"start":{"line":66,"column":0},"end":{"line":66,"column":5}},"68":{"start":{"line":69,"column":0},"end":{"line":69,"column":11}},"69":{"start":{"line":70,"column":0},"end":{"line":70,"column":20}},"70":{"start":{"line":71,"column":0},"end":{"line":71,"column":22}},"71":{"start":{"line":72,"column":0},"end":{"line":72,"column":22}},"72":{"start":{"line":73,"column":0},"end":{"line":73,"column":19}},"73":{"start":{"line":74,"column":0},"end":{"line":74,"column":28}},"74":{"start":{"line":75,"column":0},"end":{"line":75,"column":44}},"75":{"start":{"line":76,"column":0},"end":{"line":76,"column":21}},"76":{"start":{"line":77,"column":0},"end":{"line":77,"column":72}},"77":{"start":{"line":78,"column":0},"end":{"line":78,"column":94}},"78":{"start":{"line":79,"column":0},"end":{"line":79,"column":5}},"80":{"start":{"line":81,"column":0},"end":{"line":81,"column":52}},"81":{"start":{"line":82,"column":0},"end":{"line":82,"column":94}},"82":{"start":{"line":83,"column":0},"end":{"line":83,"column":5}},"83":{"start":{"line":84,"column":0},"end":{"line":84,"column":20}},"84":{"start":{"line":85,"column":0},"end":{"line":85,"column":95}},"85":{"start":{"line":86,"column":0},"end":{"line":86,"column":5}},"88":{"start":{"line":89,"column":0},"end":{"line":89,"column":22}},"89":{"start":{"line":90,"column":0},"end":{"line":90,"column":81}},"90":{"start":{"line":91,"column":0},"end":{"line":91,"column":5}},"93":{"start":{"line":94,"column":0},"end":{"line":94,"column":36}},"94":{"start":{"line":95,"column":0},"end":{"line":95,"column":75}},"95":{"start":{"line":96,"column":0},"end":{"line":96,"column":63}},"97":{"start":{"line":98,"column":0},"end":{"line":98,"column":37}},"98":{"start":{"line":99,"column":0},"end":{"line":99,"column":20}},"99":{"start":{"line":100,"column":0},"end":{"line":100,"column":27}},"102":{"start":{"line":103,"column":0},"end":{"line":103,"column":21}},"103":{"start":{"line":104,"column":0},"end":{"line":104,"column":30}},"106":{"start":{"line":107,"column":0},"end":{"line":107,"column":44}},"107":{"start":{"line":108,"column":0},"end":{"line":108,"column":54}},"108":{"start":{"line":109,"column":0},"end":{"line":109,"column":20}},"109":{"start":{"line":110,"column":0},"end":{"line":110,"column":19}},"110":{"start":{"line":111,"column":0},"end":{"line":111,"column":5}},"113":{"start":{"line":114,"column":0},"end":{"line":114,"column":48}},"114":{"start":{"line":115,"column":0},"end":{"line":115,"column":16}},"115":{"start":{"line":116,"column":0},"end":{"line":116,"column":52}},"116":{"start":{"line":117,"column":0},"end":{"line":117,"column":15}},"117":{"start":{"line":118,"column":0},"end":{"line":118,"column":15}},"121":{"start":{"line":122,"column":0},"end":{"line":122,"column":53}},"122":{"start":{"line":123,"column":0},"end":{"line":123,"column":41}},"123":{"start":{"line":124,"column":0},"end":{"line":124,"column":40}},"124":{"start":{"line":125,"column":0},"end":{"line":125,"column":19}},"126":{"start":{"line":127,"column":0},"end":{"line":127,"column":48}},"127":{"start":{"line":128,"column":0},"end":{"line":128,"column":1}}},"s":{"47":1,"48":21,"49":21,"60":21,"62":21,"63":21,"64":21,"65":21,"68":21,"69":21,"70":21,"71":21,"72":21,"73":21,"74":21,"75":21,"76":21,"77":3,"78":3,"80":21,"81":0,"82":0,"83":21,"84":1,"85":1,"88":21,"89":2,"90":2,"93":15,"94":2,"95":13,"97":21,"98":1,"99":14,"102":21,"103":21,"106":21,"107":21,"108":20,"109":20,"110":20,"113":15,"114":2,"115":13,"116":8,"117":5,"121":21,"122":21,"123":21,"124":21,"126":21,"127":21},"branchMap":{"0":{"type":"branch","line":48,"loc":{"start":{"line":48,"column":7},"end":{"line":128,"column":1}},"locations":[{"start":{"line":48,"column":7},"end":{"line":128,"column":1}}]},"1":{"type":"branch","line":76,"loc":{"start":{"line":76,"column":8},"end":{"line":76,"column":21}},"locations":[{"start":{"line":76,"column":8},"end":{"line":76,"column":21}}]},"2":{"type":"branch","line":77,"loc":{"start":{"line":77,"column":48},"end":{"line":77,"column":71}},"locations":[{"start":{"line":77,"column":48},"end":{"line":77,"column":71}}]},"3":{"type":"branch","line":77,"loc":{"start":{"line":77,"column":71},"end":{"line":79,"column":5}},"locations":[{"start":{"line":77,"column":71},"end":{"line":79,"column":5}}]},"4":{"type":"branch","line":78,"loc":{"start":{"line":78,"column":42},"end":{"line":78,"column":93}},"locations":[{"start":{"line":78,"column":42},"end":{"line":78,"column":93}}]},"5":{"type":"branch","line":79,"loc":{"start":{"line":79,"column":4},"end":{"line":81,"column":51}},"locations":[{"start":{"line":79,"column":4},"end":{"line":81,"column":51}}]},"6":{"type":"branch","line":81,"loc":{"start":{"line":81,"column":51},"end":{"line":83,"column":5}},"locations":[{"start":{"line":81,"column":51},"end":{"line":83,"column":5}}]},"7":{"type":"branch","line":83,"loc":{"start":{"line":83,"column":4},"end":{"line":84,"column":19}},"locations":[{"start":{"line":83,"column":4},"end":{"line":84,"column":19}}]},"8":{"type":"branch","line":84,"loc":{"start":{"line":84,"column":19},"end":{"line":86,"column":5}},"locations":[{"start":{"line":84,"column":19},"end":{"line":86,"column":5}}]},"9":{"type":"branch","line":85,"loc":{"start":{"line":85,"column":43},"end":{"line":85,"column":94}},"locations":[{"start":{"line":85,"column":43},"end":{"line":85,"column":94}}]},"10":{"type":"branch","line":86,"loc":{"start":{"line":86,"column":4},"end":{"line":89,"column":21}},"locations":[{"start":{"line":86,"column":4},"end":{"line":89,"column":21}}]},"11":{"type":"branch","line":89,"loc":{"start":{"line":89,"column":21},"end":{"line":91,"column":5}},"locations":[{"start":{"line":89,"column":21},"end":{"line":91,"column":5}}]},"12":{"type":"branch","line":90,"loc":{"start":{"line":90,"column":35},"end":{"line":90,"column":51}},"locations":[{"start":{"line":90,"column":35},"end":{"line":90,"column":51}}]},"13":{"type":"branch","line":90,"loc":{"start":{"line":90,"column":46},"end":{"line":90,"column":79}},"locations":[{"start":{"line":90,"column":46},"end":{"line":90,"column":79}}]},"14":{"type":"branch","line":90,"loc":{"start":{"line":90,"column":51},"end":{"line":90,"column":75}},"locations":[{"start":{"line":90,"column":51},"end":{"line":90,"column":75}}]},"15":{"type":"branch","line":91,"loc":{"start":{"line":91,"column":4},"end":{"line":94,"column":36}},"locations":[{"start":{"line":91,"column":4},"end":{"line":94,"column":36}}]},"16":{"type":"branch","line":94,"loc":{"start":{"line":94,"column":25},"end":{"line":95,"column":75}},"locations":[{"start":{"line":94,"column":25},"end":{"line":95,"column":75}}]},"17":{"type":"branch","line":95,"loc":{"start":{"line":95,"column":74},"end":{"line":96,"column":63}},"locations":[{"start":{"line":95,"column":74},"end":{"line":96,"column":63}}]},"18":{"type":"branch","line":98,"loc":{"start":{"line":98,"column":36},"end":{"line":99,"column":20}},"locations":[{"start":{"line":98,"column":36},"end":{"line":99,"column":20}}]},"19":{"type":"branch","line":99,"loc":{"start":{"line":99,"column":19},"end":{"line":100,"column":27}},"locations":[{"start":{"line":99,"column":19},"end":{"line":100,"column":27}}]},"20":{"type":"branch","line":108,"loc":{"start":{"line":108,"column":19},"end":{"line":108,"column":53}},"locations":[{"start":{"line":108,"column":19},"end":{"line":108,"column":53}}]},"21":{"type":"branch","line":108,"loc":{"start":{"line":108,"column":53},"end":{"line":111,"column":5}},"locations":[{"start":{"line":108,"column":53},"end":{"line":111,"column":5}}]},"22":{"type":"branch","line":111,"loc":{"start":{"line":111,"column":4},"end":{"line":114,"column":48}},"locations":[{"start":{"line":111,"column":4},"end":{"line":114,"column":48}}]},"23":{"type":"branch","line":114,"loc":{"start":{"line":114,"column":40},"end":{"line":115,"column":16}},"locations":[{"start":{"line":114,"column":40},"end":{"line":115,"column":16}}]},"24":{"type":"branch","line":115,"loc":{"start":{"line":115,"column":10},"end":{"line":118,"column":15}},"locations":[{"start":{"line":115,"column":10},"end":{"line":118,"column":15}}]},"25":{"type":"branch","line":116,"loc":{"start":{"line":116,"column":18},"end":{"line":116,"column":52}},"locations":[{"start":{"line":116,"column":18},"end":{"line":116,"column":52}}]},"26":{"type":"branch","line":116,"loc":{"start":{"line":116,"column":39},"end":{"line":117,"column":15}},"locations":[{"start":{"line":116,"column":39},"end":{"line":117,"column":15}}]},"27":{"type":"branch","line":117,"loc":{"start":{"line":117,"column":14},"end":{"line":118,"column":15}},"locations":[{"start":{"line":117,"column":14},"end":{"line":118,"column":15}}]}},"b":{"0":[21],"1":[10],"2":[19],"3":[3],"4":[0],"5":[18],"6":[0],"7":[18],"8":[1],"9":[0],"10":[17],"11":[2],"12":[1],"13":[1],"14":[0],"15":[15],"16":[2],"17":[13],"18":[1],"19":[14],"20":[20],"21":[20],"22":[15],"23":[2],"24":[13],"25":[12],"26":[8],"27":[5]},"fnMap":{"0":{"name":"formatBytes","decl":{"start":{"line":48,"column":7},"end":{"line":128,"column":1}},"loc":{"start":{"line":48,"column":7},"end":{"line":128,"column":1}},"line":48}},"f":{"0":21}}
,"E:\\project\\node\\utils\\src\\utils\\http.ts": {"path":"E:\\project\\node\\utils\\src\\utils\\http.ts","all":false,"statementMap":{"13":{"start":{"line":14,"column":0},"end":{"line":14,"column":85}},"14":{"start":{"line":15,"column":0},"end":{"line":15,"column":7}},"16":{"start":{"line":17,"column":0},"end":{"line":17,"column":37}},"17":{"start":{"line":18,"column":0},"end":{"line":18,"column":23}},"18":{"start":{"line":19,"column":0},"end":{"line":19,"column":55}},"19":{"start":{"line":20,"column":0},"end":{"line":20,"column":5}},"21":{"start":{"line":22,"column":0},"end":{"line":22,"column":60}},"22":{"start":{"line":23,"column":0},"end":{"line":23,"column":63}},"23":{"start":{"line":24,"column":0},"end":{"line":24,"column":50}},"24":{"start":{"line":25,"column":0},"end":{"line":25,"column":43}},"25":{"start":{"line":26,"column":0},"end":{"line":26,"column":42}},"26":{"start":{"line":27,"column":0},"end":{"line":27,"column":5}},"28":{"start":{"line":29,"column":0},"end":{"line":29,"column":38}},"31":{"start":{"line":32,"column":0},"end":{"line":32,"column":45}},"34":{"start":{"line":35,"column":0},"end":{"line":35,"column":44}},"35":{"start":{"line":36,"column":0},"end":{"line":36,"column":23}},"36":{"start":{"line":37,"column":0},"end":{"line":37,"column":40}},"37":{"start":{"line":38,"column":0},"end":{"line":38,"column":53}},"38":{"start":{"line":39,"column":0},"end":{"line":39,"column":26}},"39":{"start":{"line":40,"column":0},"end":{"line":40,"column":48}},"42":{"start":{"line":43,"column":0},"end":{"line":43,"column":32}},"43":{"start":{"line":44,"column":0},"end":{"line":44,"column":19}},"44":{"start":{"line":45,"column":0},"end":{"line":45,"column":36}},"45":{"start":{"line":46,"column":0},"end":{"line":46,"column":30}},"46":{"start":{"line":47,"column":0},"end":{"line":47,"column":3}},"47":{"start":{"line":48,"column":0},"end":{"line":48,"column":1}},"79":{"start":{"line":80,"column":0},"end":{"line":80,"column":19}},"80":{"start":{"line":81,"column":0},"end":{"line":81,"column":34}},"94":{"start":{"line":95,"column":0},"end":{"line":95,"column":37}},"95":{"start":{"line":96,"column":0},"end":{"line":96,"column":26}},"96":{"start":{"line":97,"column":0},"end":{"line":97,"column":3}},"126":{"start":{"line":127,"column":0},"end":{"line":127,"column":123}},"127":{"start":{"line":128,"column":0},"end":{"line":128,"column":74}},"130":{"start":{"line":131,"column":0},"end":{"line":131,"column":72}},"131":{"start":{"line":132,"column":0},"end":{"line":132,"column":58}},"134":{"start":{"line":135,"column":0},"end":{"line":135,"column":74}},"135":{"start":{"line":136,"column":0},"end":{"line":136,"column":70}},"138":{"start":{"line":139,"column":0},"end":{"line":139,"column":9}},"139":{"start":{"line":140,"column":0},"end":{"line":140,"column":41}},"140":{"start":{"line":141,"column":0},"end":{"line":141,"column":15}},"141":{"start":{"line":142,"column":0},"end":{"line":142,"column":30}},"142":{"start":{"line":143,"column":0},"end":{"line":143,"column":49}},"143":{"start":{"line":144,"column":0},"end":{"line":144,"column":15}},"144":{"start":{"line":145,"column":0},"end":{"line":145,"column":8}},"146":{"start":{"line":147,"column":0},"end":{"line":147,"column":25}},"147":{"start":{"line":148,"column":0},"end":{"line":148,"column":65}},"148":{"start":{"line":149,"column":0},"end":{"line":149,"column":7}},"150":{"start":{"line":151,"column":0},"end":{"line":151,"column":42}},"152":{"start":{"line":153,"column":0},"end":{"line":153,"column":45}},"153":{"start":{"line":154,"column":0},"end":{"line":154,"column":21}},"154":{"start":{"line":155,"column":0},"end":{"line":155,"column":17}},"155":{"start":{"line":156,"column":0},"end":{"line":156,"column":5}},"156":{"start":{"line":157,"column":0},"end":{"line":157,"column":3}},"180":{"start":{"line":181,"column":0},"end":{"line":181,"column":85}},"181":{"start":{"line":182,"column":0},"end":{"line":182,"column":74}},"182":{"start":{"line":183,"column":0},"end":{"line":183,"column":3}},"211":{"start":{"line":212,"column":0},"end":{"line":212,"column":109}},"212":{"start":{"line":213,"column":0},"end":{"line":213,"column":49}},"213":{"start":{"line":214,"column":0},"end":{"line":214,"column":16}},"214":{"start":{"line":215,"column":0},"end":{"line":215,"column":11}},"215":{"start":{"line":216,"column":0},"end":{"line":216,"column":20}},"216":{"start":{"line":217,"column":0},"end":{"line":217,"column":6}},"217":{"start":{"line":218,"column":0},"end":{"line":218,"column":3}},"247":{"start":{"line":248,"column":0},"end":{"line":248,"column":108}},"248":{"start":{"line":249,"column":0},"end":{"line":249,"column":49}},"249":{"start":{"line":250,"column":0},"end":{"line":250,"column":16}},"250":{"start":{"line":251,"column":0},"end":{"line":251,"column":11}},"251":{"start":{"line":252,"column":0},"end":{"line":252,"column":19}},"252":{"start":{"line":253,"column":0},"end":{"line":253,"column":6}},"253":{"start":{"line":254,"column":0},"end":{"line":254,"column":3}},"277":{"start":{"line":278,"column":0},"end":{"line":278,"column":88}},"278":{"start":{"line":279,"column":0},"end":{"line":279,"column":77}},"279":{"start":{"line":280,"column":0},"end":{"line":280,"column":3}},"280":{"start":{"line":281,"column":0},"end":{"line":281,"column":1}},"308":{"start":{"line":309,"column":0},"end":{"line":309,"column":71}},"309":{"start":{"line":310,"column":0},"end":{"line":310,"column":45}},"311":{"start":{"line":312,"column":0},"end":{"line":312,"column":52}},"313":{"start":{"line":314,"column":0},"end":{"line":314,"column":31}},"314":{"start":{"line":315,"column":0},"end":{"line":315,"column":71}},"315":{"start":{"line":316,"column":0},"end":{"line":316,"column":12}},"316":{"start":{"line":317,"column":0},"end":{"line":317,"column":49}},"317":{"start":{"line":318,"column":0},"end":{"line":318,"column":5}},"318":{"start":{"line":319,"column":0},"end":{"line":319,"column":3}},"320":{"start":{"line":321,"column":0},"end":{"line":321,"column":33}},"321":{"start":{"line":322,"column":0},"end":{"line":322,"column":2}}},"s":{"13":1,"14":3,"16":3,"17":3,"18":1,"19":1,"21":1,"22":3,"23":1,"24":3,"25":0,"26":0,"28":1,"31":1,"34":1,"35":1,"36":1,"37":1,"38":1,"39":1,"42":1,"43":3,"44":2,"45":2,"46":2,"47":3,"79":1,"80":1,"94":1,"95":1,"96":1,"126":1,"127":7,"130":7,"131":7,"134":7,"135":7,"138":7,"139":7,"140":7,"141":7,"142":7,"143":7,"144":7,"146":7,"147":1,"148":1,"150":5,"152":5,"153":7,"154":2,"155":2,"156":7,"180":1,"181":4,"182":4,"211":1,"212":1,"213":1,"214":1,"215":1,"216":1,"217":1,"247":1,"248":1,"249":1,"250":1,"251":1,"252":1,"253":1,"277":1,"278":1,"279":1,"280":1,"308":1,"309":6,"311":6,"313":10,"314":2,"315":10,"316":8,"317":8,"318":10,"320":6,"321":6},"branchMap":{"0":{"type":"branch","line":14,"loc":{"start":{"line":14,"column":28},"end":{"line":48,"column":1}},"locations":[{"start":{"line":14,"column":28},"end":{"line":48,"column":1}}]},"1":{"type":"branch","line":17,"loc":{"start":{"line":17,"column":36},"end":{"line":18,"column":22}},"locations":[{"start":{"line":17,"column":36},"end":{"line":18,"column":22}}]},"2":{"type":"branch","line":18,"loc":{"start":{"line":18,"column":22},"end":{"line":23,"column":33}},"locations":[{"start":{"line":18,"column":22},"end":{"line":23,"column":33}}]},"3":{"type":"branch","line":23,"loc":{"start":{"line":23,"column":59},"end":{"line":24,"column":50}},"locations":[{"start":{"line":23,"column":59},"end":{"line":24,"column":50}}]},"4":{"type":"branch","line":24,"loc":{"start":{"line":24,"column":46},"end":{"line":25,"column":42}},"locations":[{"start":{"line":24,"column":46},"end":{"line":25,"column":42}}]},"5":{"type":"branch","line":25,"loc":{"start":{"line":25,"column":42},"end":{"line":27,"column":5}},"locations":[{"start":{"line":25,"column":42},"end":{"line":27,"column":5}}]},"6":{"type":"branch","line":27,"loc":{"start":{"line":27,"column":4},"end":{"line":44,"column":11}},"locations":[{"start":{"line":27,"column":4},"end":{"line":44,"column":11}}]},"7":{"type":"branch","line":44,"loc":{"start":{"line":44,"column":2},"end":{"line":47,"column":3}},"locations":[{"start":{"line":44,"column":2},"end":{"line":47,"column":3}}]},"8":{"type":"branch","line":80,"loc":{"start":{"line":80,"column":18},"end":{"line":281,"column":1}},"locations":[{"start":{"line":80,"column":18},"end":{"line":281,"column":1}}]},"9":{"type":"branch","line":95,"loc":{"start":{"line":95,"column":2},"end":{"line":97,"column":3}},"locations":[{"start":{"line":95,"column":2},"end":{"line":97,"column":3}}]},"10":{"type":"branch","line":127,"loc":{"start":{"line":127,"column":2},"end":{"line":157,"column":3}},"locations":[{"start":{"line":127,"column":2},"end":{"line":157,"column":3}}]},"11":{"type":"branch","line":131,"loc":{"start":{"line":131,"column":24},"end":{"line":131,"column":70}},"locations":[{"start":{"line":131,"column":24},"end":{"line":131,"column":70}}]},"12":{"type":"branch","line":131,"loc":{"start":{"line":131,"column":65},"end":{"line":131,"column":72}},"locations":[{"start":{"line":131,"column":65},"end":{"line":131,"column":72}}]},"13":{"type":"branch","line":135,"loc":{"start":{"line":135,"column":24},"end":{"line":135,"column":72}},"locations":[{"start":{"line":135,"column":24},"end":{"line":135,"column":72}}]},"14":{"type":"branch","line":135,"loc":{"start":{"line":135,"column":68},"end":{"line":135,"column":74}},"locations":[{"start":{"line":135,"column":68},"end":{"line":135,"column":74}}]},"15":{"type":"branch","line":143,"loc":{"start":{"line":143,"column":14},"end":{"line":143,"column":44}},"locations":[{"start":{"line":143,"column":14},"end":{"line":143,"column":44}}]},"16":{"type":"branch","line":143,"loc":{"start":{"line":143,"column":40},"end":{"line":143,"column":49}},"locations":[{"start":{"line":143,"column":40},"end":{"line":143,"column":49}}]},"17":{"type":"branch","line":145,"loc":{"start":{"line":145,"column":7},"end":{"line":147,"column":24}},"locations":[{"start":{"line":145,"column":7},"end":{"line":147,"column":24}}]},"18":{"type":"branch","line":147,"loc":{"start":{"line":147,"column":24},"end":{"line":149,"column":7}},"locations":[{"start":{"line":147,"column":24},"end":{"line":149,"column":7}}]},"19":{"type":"branch","line":149,"loc":{"start":{"line":149,"column":6},"end":{"line":154,"column":13}},"locations":[{"start":{"line":149,"column":6},"end":{"line":154,"column":13}}]},"20":{"type":"branch","line":154,"loc":{"start":{"line":154,"column":4},"end":{"line":156,"column":5}},"locations":[{"start":{"line":154,"column":4},"end":{"line":156,"column":5}}]},"21":{"type":"branch","line":181,"loc":{"start":{"line":181,"column":2},"end":{"line":183,"column":3}},"locations":[{"start":{"line":181,"column":2},"end":{"line":183,"column":3}}]},"22":{"type":"branch","line":212,"loc":{"start":{"line":212,"column":2},"end":{"line":218,"column":3}},"locations":[{"start":{"line":212,"column":2},"end":{"line":218,"column":3}}]},"23":{"type":"branch","line":248,"loc":{"start":{"line":248,"column":2},"end":{"line":254,"column":3}},"locations":[{"start":{"line":248,"column":2},"end":{"line":254,"column":3}}]},"24":{"type":"branch","line":278,"loc":{"start":{"line":278,"column":2},"end":{"line":280,"column":3}},"locations":[{"start":{"line":278,"column":2},"end":{"line":280,"column":3}}]},"25":{"type":"branch","line":309,"loc":{"start":{"line":309,"column":36},"end":{"line":322,"column":2}},"locations":[{"start":{"line":309,"column":36},"end":{"line":322,"column":2}}]},"26":{"type":"branch","line":312,"loc":{"start":{"line":312,"column":51},"end":{"line":319,"column":3}},"locations":[{"start":{"line":312,"column":51},"end":{"line":319,"column":3}}]},"27":{"type":"branch","line":314,"loc":{"start":{"line":314,"column":30},"end":{"line":316,"column":11}},"locations":[{"start":{"line":314,"column":30},"end":{"line":316,"column":11}}]},"28":{"type":"branch","line":316,"loc":{"start":{"line":316,"column":4},"end":{"line":318,"column":5}},"locations":[{"start":{"line":316,"column":4},"end":{"line":318,"column":5}}]},"29":{"type":"branch","line":315,"loc":{"start":{"line":315,"column":20},"end":{"line":315,"column":69}},"locations":[{"start":{"line":315,"column":20},"end":{"line":315,"column":69}}]}},"b":{"0":[3],"1":[2],"2":[1],"3":[1],"4":[1],"5":[0],"6":[1],"7":[2],"8":[1],"9":[1],"10":[7],"11":[1],"12":[6],"13":[2],"14":[5],"15":[2],"16":[5],"17":[6],"18":[1],"19":[5],"20":[2],"21":[4],"22":[1],"23":[1],"24":[1],"25":[6],"26":[10],"27":[2],"28":[8],"29":[5]},"fnMap":{"0":{"name":"downloadFile","decl":{"start":{"line":14,"column":28},"end":{"line":48,"column":1}},"loc":{"start":{"line":14,"column":28},"end":{"line":48,"column":1}},"line":14},"1":{"name":"<instance_members_initializer>","decl":{"start":{"line":80,"column":18},"end":{"line":281,"column":1}},"loc":{"start":{"line":80,"column":18},"end":{"line":281,"column":1}},"line":80},"2":{"name":"Http","decl":{"start":{"line":95,"column":2},"end":{"line":97,"column":3}},"loc":{"start":{"line":95,"column":2},"end":{"line":97,"column":3}},"line":95},"3":{"name":"request","decl":{"start":{"line":127,"column":2},"end":{"line":157,"column":3}},"loc":{"start":{"line":127,"column":2},"end":{"line":157,"column":3}},"line":127},"4":{"name":"get","decl":{"start":{"line":181,"column":2},"end":{"line":183,"column":3}},"loc":{"start":{"line":181,"column":2},"end":{"line":183,"column":3}},"line":181},"5":{"name":"post","decl":{"start":{"line":212,"column":2},"end":{"line":218,"column":3}},"loc":{"start":{"line":212,"column":2},"end":{"line":218,"column":3}},"line":212},"6":{"name":"put","decl":{"start":{"line":248,"column":2},"end":{"line":254,"column":3}},"loc":{"start":{"line":248,"column":2},"end":{"line":254,"column":3}},"line":248},"7":{"name":"delete","decl":{"start":{"line":278,"column":2},"end":{"line":280,"column":3}},"loc":{"start":{"line":278,"column":2},"end":{"line":280,"column":3}},"line":278},"8":{"name":"URLSearchParamsUtils","decl":{"start":{"line":309,"column":36},"end":{"line":322,"column":2}},"loc":{"start":{"line":309,"column":36},"end":{"line":322,"column":2}},"line":309}},"f":{"0":3,"1":1,"2":1,"3":7,"4":4,"5":1,"6":1,"7":1,"8":6}}
,"E:\\project\\node\\utils\\src\\utils\\images.ts": {"path":"E:\\project\\node\\utils\\src\\utils\\images.ts","all":false,"statementMap":{"19":{"start":{"line":20,"column":0},"end":{"line":20,"column":92}},"20":{"start":{"line":21,"column":0},"end":{"line":21,"column":21}},"21":{"start":{"line":22,"column":0},"end":{"line":22,"column":18}},"22":{"start":{"line":23,"column":0},"end":{"line":23,"column":14}},"23":{"start":{"line":24,"column":0},"end":{"line":24,"column":60}},"24":{"start":{"line":25,"column":0},"end":{"line":25,"column":35}},"25":{"start":{"line":26,"column":0},"end":{"line":26,"column":45}},"26":{"start":{"line":27,"column":0},"end":{"line":27,"column":67}},"27":{"start":{"line":28,"column":0},"end":{"line":28,"column":25}},"28":{"start":{"line":29,"column":0},"end":{"line":29,"column":10}},"29":{"start":{"line":30,"column":0},"end":{"line":30,"column":5}},"30":{"start":{"line":31,"column":0},"end":{"line":31,"column":3}},"31":{"start":{"line":32,"column":0},"end":{"line":32,"column":1}},"52":{"start":{"line":53,"column":0},"end":{"line":53,"column":86}},"53":{"start":{"line":54,"column":0},"end":{"line":54,"column":43}},"54":{"start":{"line":55,"column":0},"end":{"line":55,"column":27}},"55":{"start":{"line":56,"column":0},"end":{"line":56,"column":24}},"56":{"start":{"line":57,"column":0},"end":{"line":57,"column":18}},"57":{"start":{"line":58,"column":0},"end":{"line":58,"column":5}},"58":{"start":{"line":59,"column":0},"end":{"line":59,"column":25}},"59":{"start":{"line":60,"column":0},"end":{"line":60,"column":33}},"60":{"start":{"line":61,"column":0},"end":{"line":61,"column":5}},"61":{"start":{"line":62,"column":0},"end":{"line":62,"column":22}},"62":{"start":{"line":63,"column":0},"end":{"line":63,"column":4}},"63":{"start":{"line":64,"column":0},"end":{"line":64,"column":1}}},"s":{"19":1,"20":5,"21":5,"22":5,"23":9,"24":9,"25":9,"26":9,"27":9,"28":9,"29":5,"30":5,"31":5,"52":1,"53":2,"54":2,"55":2,"56":1,"57":1,"58":2,"59":1,"60":1,"61":2,"62":2,"63":2},"branchMap":{"0":{"type":"branch","line":20,"loc":{"start":{"line":20,"column":37},"end":{"line":32,"column":1}},"locations":[{"start":{"line":20,"column":37},"end":{"line":32,"column":1}}]},"1":{"type":"branch","line":23,"loc":{"start":{"line":23,"column":6},"end":{"line":29,"column":10}},"locations":[{"start":{"line":23,"column":6},"end":{"line":29,"column":10}}]},"2":{"type":"branch","line":24,"loc":{"start":{"line":24,"column":38},"end":{"line":29,"column":9}},"locations":[{"start":{"line":24,"column":38},"end":{"line":29,"column":9}}]},"3":{"type":"branch","line":26,"loc":{"start":{"line":26,"column":25},"end":{"line":26,"column":45}},"locations":[{"start":{"line":26,"column":25},"end":{"line":26,"column":45}}]},"4":{"type":"branch","line":27,"loc":{"start":{"line":27,"column":26},"end":{"line":27,"column":67}},"locations":[{"start":{"line":27,"column":26},"end":{"line":27,"column":67}}]},"5":{"type":"branch","line":53,"loc":{"start":{"line":53,"column":36},"end":{"line":64,"column":1}},"locations":[{"start":{"line":53,"column":36},"end":{"line":64,"column":1}}]},"6":{"type":"branch","line":54,"loc":{"start":{"line":54,"column":21},"end":{"line":63,"column":3}},"locations":[{"start":{"line":54,"column":21},"end":{"line":63,"column":3}}]},"7":{"type":"branch","line":56,"loc":{"start":{"line":56,"column":17},"end":{"line":58,"column":5}},"locations":[{"start":{"line":56,"column":17},"end":{"line":58,"column":5}}]},"8":{"type":"branch","line":59,"loc":{"start":{"line":59,"column":18},"end":{"line":61,"column":5}},"locations":[{"start":{"line":59,"column":18},"end":{"line":61,"column":5}}]}},"b":{"0":[5],"1":[9],"2":[9],"3":[4],"4":[5],"5":[2],"6":[2],"7":[1],"8":[1]},"fnMap":{"0":{"name":"preloadAndCacheImages","decl":{"start":{"line":20,"column":37},"end":{"line":32,"column":1}},"loc":{"start":{"line":20,"column":37},"end":{"line":32,"column":1}},"line":20},"1":{"name":"image.onload","decl":{"start":{"line":26,"column":25},"end":{"line":26,"column":45}},"loc":{"start":{"line":26,"column":25},"end":{"line":26,"column":45}},"line":26},"2":{"name":"image.onerror","decl":{"start":{"line":27,"column":26},"end":{"line":27,"column":67}},"loc":{"start":{"line":27,"column":26},"end":{"line":27,"column":67}},"line":27},"3":{"name":"preloadAndCacheImage","decl":{"start":{"line":53,"column":36},"end":{"line":64,"column":1}},"loc":{"start":{"line":53,"column":36},"end":{"line":64,"column":1}},"line":53},"4":{"name":"img.onload","decl":{"start":{"line":56,"column":17},"end":{"line":58,"column":5}},"loc":{"start":{"line":56,"column":17},"end":{"line":58,"column":5}},"line":56},"5":{"name":"img.onerror","decl":{"start":{"line":59,"column":18},"end":{"line":61,"column":5}},"loc":{"start":{"line":59,"column":18},"end":{"line":61,"column":5}},"line":59}},"f":{"0":5,"1":4,"2":5,"3":2,"4":1,"5":1}}
,"E:\\project\\node\\utils\\src\\utils\\index.ts": {"path":"E:\\project\\node\\utils\\src\\utils\\index.ts","all":false,"statementMap":{"19":{"start":{"line":20,"column":0},"end":{"line":20,"column":103}},"20":{"start":{"line":21,"column":0},"end":{"line":21,"column":52}},"21":{"start":{"line":22,"column":0},"end":{"line":22,"column":16}},"22":{"start":{"line":23,"column":0},"end":{"line":23,"column":48}},"23":{"start":{"line":24,"column":0},"end":{"line":24,"column":50}},"24":{"start":{"line":25,"column":0},"end":{"line":25,"column":16}},"25":{"start":{"line":26,"column":0},"end":{"line":26,"column":53}},"26":{"start":{"line":27,"column":0},"end":{"line":27,"column":57}},"27":{"start":{"line":28,"column":0},"end":{"line":28,"column":59}},"28":{"start":{"line":29,"column":0},"end":{"line":29,"column":55}},"29":{"start":{"line":30,"column":0},"end":{"line":30,"column":68}},"30":{"start":{"line":31,"column":0},"end":{"line":31,"column":70}},"31":{"start":{"line":32,"column":0},"end":{"line":32,"column":14}},"32":{"start":{"line":33,"column":0},"end":{"line":33,"column":28}},"33":{"start":{"line":34,"column":0},"end":{"line":34,"column":29}},"34":{"start":{"line":35,"column":0},"end":{"line":35,"column":7}},"35":{"start":{"line":36,"column":0},"end":{"line":36,"column":12}},"36":{"start":{"line":37,"column":0},"end":{"line":37,"column":67}},"37":{"start":{"line":38,"column":0},"end":{"line":38,"column":5}},"38":{"start":{"line":39,"column":0},"end":{"line":39,"column":10}},"39":{"start":{"line":40,"column":0},"end":{"line":40,"column":50}},"40":{"start":{"line":41,"column":0},"end":{"line":41,"column":3}},"41":{"start":{"line":42,"column":0},"end":{"line":42,"column":1}},"70":{"start":{"line":71,"column":0},"end":{"line":71,"column":66}},"71":{"start":{"line":72,"column":0},"end":{"line":72,"column":50}},"72":{"start":{"line":73,"column":0},"end":{"line":73,"column":79}},"73":{"start":{"line":74,"column":0},"end":{"line":74,"column":3}},"75":{"start":{"line":76,"column":0},"end":{"line":76,"column":93}},"76":{"start":{"line":77,"column":0},"end":{"line":77,"column":31}},"77":{"start":{"line":78,"column":0},"end":{"line":78,"column":36}},"78":{"start":{"line":79,"column":0},"end":{"line":79,"column":77}},"79":{"start":{"line":80,"column":0},"end":{"line":80,"column":50}},"80":{"start":{"line":81,"column":0},"end":{"line":81,"column":3}},"81":{"start":{"line":82,"column":0},"end":{"line":82,"column":44}},"82":{"start":{"line":83,"column":0},"end":{"line":83,"column":1}}},"s":{"19":1,"20":3,"21":3,"22":2,"23":2,"24":2,"25":1,"26":1,"27":1,"28":1,"29":1,"30":1,"31":1,"32":1,"33":1,"34":1,"35":1,"36":1,"37":1,"38":3,"39":1,"40":1,"41":3,"70":1,"71":5,"72":3,"73":3,"75":2,"76":2,"77":5,"78":1010,"79":1010,"80":1010,"81":2,"82":2},"branchMap":{"0":{"type":"branch","line":20,"loc":{"start":{"line":20,"column":36},"end":{"line":42,"column":1}},"locations":[{"start":{"line":20,"column":36},"end":{"line":42,"column":1}}]},"1":{"type":"branch","line":22,"loc":{"start":{"line":22,"column":15},"end":{"line":39,"column":9}},"locations":[{"start":{"line":22,"column":15},"end":{"line":39,"column":9}}]},"2":{"type":"branch","line":25,"loc":{"start":{"line":25,"column":15},"end":{"line":38,"column":5}},"locations":[{"start":{"line":25,"column":15},"end":{"line":38,"column":5}}]},"3":{"type":"branch","line":39,"loc":{"start":{"line":39,"column":2},"end":{"line":41,"column":3}},"locations":[{"start":{"line":39,"column":2},"end":{"line":41,"column":3}}]},"4":{"type":"branch","line":71,"loc":{"start":{"line":71,"column":26},"end":{"line":83,"column":1}},"locations":[{"start":{"line":71,"column":26},"end":{"line":83,"column":1}}]},"5":{"type":"branch","line":72,"loc":{"start":{"line":72,"column":24},"end":{"line":72,"column":49}},"locations":[{"start":{"line":72,"column":24},"end":{"line":72,"column":49}}]},"6":{"type":"branch","line":72,"loc":{"start":{"line":72,"column":49},"end":{"line":74,"column":3}},"locations":[{"start":{"line":72,"column":49},"end":{"line":74,"column":3}}]},"7":{"type":"branch","line":74,"loc":{"start":{"line":74,"column":2},"end":{"line":78,"column":35}},"locations":[{"start":{"line":74,"column":2},"end":{"line":78,"column":35}}]},"8":{"type":"branch","line":78,"loc":{"start":{"line":78,"column":35},"end":{"line":81,"column":3}},"locations":[{"start":{"line":78,"column":35},"end":{"line":81,"column":3}}]},"9":{"type":"branch","line":81,"loc":{"start":{"line":81,"column":2},"end":{"line":83,"column":1}},"locations":[{"start":{"line":81,"column":2},"end":{"line":83,"column":1}}]}},"b":{"0":[3],"1":[2],"2":[1],"3":[1],"4":[5],"5":[4],"6":[3],"7":[2],"8":[1010],"9":[2]},"fnMap":{"0":{"name":"getContentDimensions","decl":{"start":{"line":20,"column":36},"end":{"line":42,"column":1}},"loc":{"start":{"line":20,"column":36},"end":{"line":42,"column":1}},"line":20},"1":{"name":"genRandStr","decl":{"start":{"line":71,"column":26},"end":{"line":83,"column":1}},"loc":{"start":{"line":71,"column":26},"end":{"line":83,"column":1}},"line":71}},"f":{"0":3,"1":5}}
,"E:\\project\\node\\utils\\src\\utils\\timer.ts": {"path":"E:\\project\\node\\utils\\src\\utils\\timer.ts","all":false,"statementMap":{"18":{"start":{"line":19,"column":0},"end":{"line":19,"column":28}},"37":{"start":{"line":38,"column":0},"end":{"line":38,"column":34}},"38":{"start":{"line":39,"column":0},"end":{"line":39,"column":35}},"39":{"start":{"line":40,"column":0},"end":{"line":40,"column":62}},"40":{"start":{"line":41,"column":0},"end":{"line":41,"column":55}},"41":{"start":{"line":42,"column":0},"end":{"line":42,"column":36}},"42":{"start":{"line":43,"column":0},"end":{"line":43,"column":3}},"61":{"start":{"line":62,"column":0},"end":{"line":62,"column":34}},"62":{"start":{"line":63,"column":0},"end":{"line":63,"column":66}},"63":{"start":{"line":64,"column":0},"end":{"line":64,"column":30}},"64":{"start":{"line":65,"column":0},"end":{"line":65,"column":3}},"82":{"start":{"line":83,"column":0},"end":{"line":83,"column":34}},"83":{"start":{"line":84,"column":0},"end":{"line":84,"column":57}},"84":{"start":{"line":85,"column":0},"end":{"line":85,"column":58}},"85":{"start":{"line":86,"column":0},"end":{"line":86,"column":58}},"86":{"start":{"line":87,"column":0},"end":{"line":87,"column":34}},"87":{"start":{"line":88,"column":0},"end":{"line":88,"column":3}},"88":{"start":{"line":89,"column":0},"end":{"line":89,"column":1}},"122":{"start":{"line":123,"column":0},"end":{"line":123,"column":26}},"123":{"start":{"line":124,"column":0},"end":{"line":124,"column":48}},"124":{"start":{"line":125,"column":0},"end":{"line":125,"column":68}},"144":{"start":{"line":145,"column":0},"end":{"line":145,"column":17}},"145":{"start":{"line":146,"column":0},"end":{"line":146,"column":28}},"146":{"start":{"line":147,"column":0},"end":{"line":147,"column":40}},"147":{"start":{"line":148,"column":0},"end":{"line":148,"column":3}},"170":{"start":{"line":171,"column":0},"end":{"line":171,"column":72}},"171":{"start":{"line":172,"column":0},"end":{"line":172,"column":27}},"172":{"start":{"line":173,"column":0},"end":{"line":173,"column":57}},"173":{"start":{"line":174,"column":0},"end":{"line":174,"column":49}},"174":{"start":{"line":175,"column":0},"end":{"line":175,"column":51}},"175":{"start":{"line":176,"column":0},"end":{"line":176,"column":47}},"176":{"start":{"line":177,"column":0},"end":{"line":177,"column":3}},"184":{"start":{"line":185,"column":0},"end":{"line":185,"column":68}},"185":{"start":{"line":186,"column":0},"end":{"line":186,"column":33}},"186":{"start":{"line":187,"column":0},"end":{"line":187,"column":63}},"187":{"start":{"line":188,"column":0},"end":{"line":188,"column":3}},"194":{"start":{"line":195,"column":0},"end":{"line":195,"column":29}},"195":{"start":{"line":196,"column":0},"end":{"line":196,"column":21}},"196":{"start":{"line":197,"column":0},"end":{"line":197,"column":3}},"197":{"start":{"line":198,"column":0},"end":{"line":198,"column":1}},"220":{"start":{"line":221,"column":0},"end":{"line":221,"column":20}},"221":{"start":{"line":222,"column":0},"end":{"line":222,"column":42}},"242":{"start":{"line":243,"column":0},"end":{"line":243,"column":53}},"243":{"start":{"line":244,"column":0},"end":{"line":244,"column":53}},"244":{"start":{"line":245,"column":0},"end":{"line":245,"column":3}},"263":{"start":{"line":264,"column":0},"end":{"line":264,"column":16}},"264":{"start":{"line":265,"column":0},"end":{"line":265,"column":35}},"265":{"start":{"line":266,"column":0},"end":{"line":266,"column":36}},"266":{"start":{"line":267,"column":0},"end":{"line":267,"column":28}},"267":{"start":{"line":268,"column":0},"end":{"line":268,"column":5}},"268":{"start":{"line":269,"column":0},"end":{"line":269,"column":3}},"269":{"start":{"line":270,"column":0},"end":{"line":270,"column":1}},"271":{"start":{"line":272,"column":0},"end":{"line":272,"column":44}},"295":{"start":{"line":296,"column":0},"end":{"line":296,"column":71}},"296":{"start":{"line":297,"column":0},"end":{"line":297,"column":33}},"297":{"start":{"line":298,"column":0},"end":{"line":298,"column":37}},"298":{"start":{"line":299,"column":0},"end":{"line":299,"column":64}},"299":{"start":{"line":300,"column":0},"end":{"line":300,"column":57}},"300":{"start":{"line":301,"column":0},"end":{"line":301,"column":59}},"301":{"start":{"line":302,"column":0},"end":{"line":302,"column":63}},"302":{"start":{"line":303,"column":0},"end":{"line":303,"column":63}},"303":{"start":{"line":304,"column":0},"end":{"line":304,"column":64}},"304":{"start":{"line":305,"column":0},"end":{"line":305,"column":1}},"321":{"start":{"line":322,"column":0},"end":{"line":322,"column":57}},"322":{"start":{"line":323,"column":0},"end":{"line":323,"column":36}},"323":{"start":{"line":324,"column":0},"end":{"line":324,"column":33}},"324":{"start":{"line":325,"column":0},"end":{"line":325,"column":35}},"325":{"start":{"line":326,"column":0},"end":{"line":326,"column":28}},"326":{"start":{"line":327,"column":0},"end":{"line":327,"column":31}},"327":{"start":{"line":328,"column":0},"end":{"line":328,"column":35}},"328":{"start":{"line":329,"column":0},"end":{"line":329,"column":55}},"329":{"start":{"line":330,"column":0},"end":{"line":330,"column":1}},"360":{"start":{"line":361,"column":0},"end":{"line":361,"column":84}},"361":{"start":{"line":362,"column":0},"end":{"line":362,"column":56}},"362":{"start":{"line":363,"column":0},"end":{"line":363,"column":32}},"363":{"start":{"line":364,"column":0},"end":{"line":364,"column":3}},"365":{"start":{"line":366,"column":0},"end":{"line":366,"column":43}},"366":{"start":{"line":367,"column":0},"end":{"line":367,"column":53}},"367":{"start":{"line":368,"column":0},"end":{"line":368,"column":52}},"371":{"start":{"line":372,"column":0},"end":{"line":372,"column":67}},"372":{"start":{"line":373,"column":0},"end":{"line":373,"column":32}},"375":{"start":{"line":376,"column":0},"end":{"line":376,"column":31}},"376":{"start":{"line":377,"column":0},"end":{"line":377,"column":25}},"377":{"start":{"line":378,"column":0},"end":{"line":378,"column":25}},"378":{"start":{"line":379,"column":0},"end":{"line":379,"column":3}},"380":{"start":{"line":381,"column":0},"end":{"line":381,"column":78}},"382":{"start":{"line":383,"column":0},"end":{"line":383,"column":18}},"384":{"start":{"line":385,"column":0},"end":{"line":385,"column":35}},"385":{"start":{"line":386,"column":0},"end":{"line":386,"column":25}},"386":{"start":{"line":387,"column":0},"end":{"line":387,"column":25}},"387":{"start":{"line":388,"column":0},"end":{"line":388,"column":3}},"389":{"start":{"line":390,"column":0},"end":{"line":390,"column":68}},"390":{"start":{"line":391,"column":0},"end":{"line":391,"column":70}},"391":{"start":{"line":392,"column":0},"end":{"line":392,"column":90}},"394":{"start":{"line":395,"column":0},"end":{"line":395,"column":51}},"395":{"start":{"line":396,"column":0},"end":{"line":396,"column":59}},"396":{"start":{"line":397,"column":0},"end":{"line":397,"column":3}},"397":{"start":{"line":398,"column":0},"end":{"line":398,"column":24}},"398":{"start":{"line":399,"column":0},"end":{"line":399,"column":1}}},"s":{"18":1,"37":1,"38":6,"39":6,"40":6,"41":6,"42":6,"61":1,"62":6,"63":6,"64":6,"82":1,"83":6,"84":6,"85":6,"86":6,"87":6,"88":1,"122":1,"123":6,"124":6,"144":6,"145":6,"146":6,"147":6,"170":6,"171":5,"172":5,"173":5,"174":5,"175":5,"176":5,"184":6,"185":2,"186":2,"187":2,"194":6,"195":2,"196":2,"197":6,"220":1,"221":7,"242":7,"243":3,"244":3,"263":7,"264":3,"265":3,"266":3,"267":3,"268":3,"269":7,"271":1,"295":1,"296":5,"297":5,"298":5,"299":5,"300":5,"301":5,"302":5,"303":5,"304":5,"321":1,"322":5,"323":5,"324":5,"325":5,"326":5,"327":5,"328":5,"329":5,"360":1,"361":21,"362":2,"363":2,"365":19,"366":19,"367":19,"371":19,"372":19,"375":21,"376":2,"377":2,"378":2,"380":19,"382":19,"384":21,"385":0,"386":0,"387":0,"389":21,"390":21,"391":21,"394":21,"395":11,"396":11,"397":19,"398":19},"branchMap":{"0":{"type":"branch","line":38,"loc":{"start":{"line":38,"column":2},"end":{"line":43,"column":3}},"locations":[{"start":{"line":38,"column":2},"end":{"line":43,"column":3}}]},"1":{"type":"branch","line":62,"loc":{"start":{"line":62,"column":2},"end":{"line":65,"column":3}},"locations":[{"start":{"line":62,"column":2},"end":{"line":65,"column":3}}]},"2":{"type":"branch","line":83,"loc":{"start":{"line":83,"column":2},"end":{"line":88,"column":3}},"locations":[{"start":{"line":83,"column":2},"end":{"line":88,"column":3}}]},"3":{"type":"branch","line":123,"loc":{"start":{"line":123,"column":25},"end":{"line":198,"column":1}},"locations":[{"start":{"line":123,"column":25},"end":{"line":198,"column":1}}]},"4":{"type":"branch","line":145,"loc":{"start":{"line":145,"column":2},"end":{"line":148,"column":3}},"locations":[{"start":{"line":145,"column":2},"end":{"line":148,"column":3}}]},"5":{"type":"branch","line":171,"loc":{"start":{"line":171,"column":10},"end":{"line":177,"column":3}},"locations":[{"start":{"line":171,"column":10},"end":{"line":177,"column":3}}]},"6":{"type":"branch","line":185,"loc":{"start":{"line":185,"column":9},"end":{"line":188,"column":3}},"locations":[{"start":{"line":185,"column":9},"end":{"line":188,"column":3}}]},"7":{"type":"branch","line":187,"loc":{"start":{"line":187,"column":21},"end":{"line":187,"column":58}},"locations":[{"start":{"line":187,"column":21},"end":{"line":187,"column":58}}]},"8":{"type":"branch","line":195,"loc":{"start":{"line":195,"column":9},"end":{"line":197,"column":3}},"locations":[{"start":{"line":195,"column":9},"end":{"line":197,"column":3}}]},"9":{"type":"branch","line":221,"loc":{"start":{"line":221,"column":19},"end":{"line":270,"column":1}},"locations":[{"start":{"line":221,"column":19},"end":{"line":270,"column":1}}]},"10":{"type":"branch","line":243,"loc":{"start":{"line":243,"column":2},"end":{"line":245,"column":3}},"locations":[{"start":{"line":243,"column":2},"end":{"line":245,"column":3}}]},"11":{"type":"branch","line":264,"loc":{"start":{"line":264,"column":2},"end":{"line":269,"column":3}},"locations":[{"start":{"line":264,"column":2},"end":{"line":269,"column":3}}]},"12":{"type":"branch","line":296,"loc":{"start":{"line":296,"column":37},"end":{"line":305,"column":1}},"locations":[{"start":{"line":296,"column":37},"end":{"line":305,"column":1}}]},"13":{"type":"branch","line":322,"loc":{"start":{"line":322,"column":30},"end":{"line":330,"column":1}},"locations":[{"start":{"line":322,"column":30},"end":{"line":330,"column":1}}]},"14":{"type":"branch","line":361,"loc":{"start":{"line":361,"column":27},"end":{"line":399,"column":1}},"locations":[{"start":{"line":361,"column":27},"end":{"line":399,"column":1}}]},"15":{"type":"branch","line":362,"loc":{"start":{"line":362,"column":26},"end":{"line":362,"column":55}},"locations":[{"start":{"line":362,"column":26},"end":{"line":362,"column":55}}]},"16":{"type":"branch","line":362,"loc":{"start":{"line":362,"column":55},"end":{"line":364,"column":3}},"locations":[{"start":{"line":362,"column":55},"end":{"line":364,"column":3}}]},"17":{"type":"branch","line":364,"loc":{"start":{"line":364,"column":2},"end":{"line":376,"column":30}},"locations":[{"start":{"line":364,"column":2},"end":{"line":376,"column":30}}]},"18":{"type":"branch","line":376,"loc":{"start":{"line":376,"column":30},"end":{"line":379,"column":3}},"locations":[{"start":{"line":376,"column":30},"end":{"line":379,"column":3}}]},"19":{"type":"branch","line":379,"loc":{"start":{"line":379,"column":2},"end":{"line":385,"column":34}},"locations":[{"start":{"line":379,"column":2},"end":{"line":385,"column":34}}]},"20":{"type":"branch","line":385,"loc":{"start":{"line":385,"column":34},"end":{"line":388,"column":3}},"locations":[{"start":{"line":385,"column":34},"end":{"line":388,"column":3}}]},"21":{"type":"branch","line":388,"loc":{"start":{"line":388,"column":2},"end":{"line":390,"column":22}},"locations":[{"start":{"line":388,"column":2},"end":{"line":390,"column":22}}]},"22":{"type":"branch","line":390,"loc":{"start":{"line":390,"column":16},"end":{"line":390,"column":68}},"locations":[{"start":{"line":390,"column":16},"end":{"line":390,"column":68}}]},"23":{"type":"branch","line":390,"loc":{"start":{"line":390,"column":46},"end":{"line":390,"column":60}},"locations":[{"start":{"line":390,"column":46},"end":{"line":390,"column":60}}]},"24":{"type":"branch","line":390,"loc":{"start":{"line":390,"column":53},"end":{"line":390,"column":64}},"locations":[{"start":{"line":390,"column":53},"end":{"line":390,"column":64}}]},"25":{"type":"branch","line":390,"loc":{"start":{"line":390,"column":66},"end":{"line":391,"column":23}},"locations":[{"start":{"line":390,"column":66},"end":{"line":391,"column":23}}]},"26":{"type":"branch","line":391,"loc":{"start":{"line":391,"column":17},"end":{"line":391,"column":70}},"locations":[{"start":{"line":391,"column":17},"end":{"line":391,"column":70}}]},"27":{"type":"branch","line":391,"loc":{"start":{"line":391,"column":48},"end":{"line":391,"column":62}},"locations":[{"start":{"line":391,"column":48},"end":{"line":391,"column":62}}]},"28":{"type":"branch","line":391,"loc":{"start":{"line":391,"column":55},"end":{"line":391,"column":66}},"locations":[{"start":{"line":391,"column":55},"end":{"line":391,"column":66}}]},"29":{"type":"branch","line":391,"loc":{"start":{"line":391,"column":68},"end":{"line":392,"column":33}},"locations":[{"start":{"line":391,"column":68},"end":{"line":392,"column":33}}]},"30":{"type":"branch","line":392,"loc":{"start":{"line":392,"column":27},"end":{"line":392,"column":90}},"locations":[{"start":{"line":392,"column":27},"end":{"line":392,"column":90}}]},"31":{"type":"branch","line":392,"loc":{"start":{"line":392,"column":68},"end":{"line":392,"column":82}},"locations":[{"start":{"line":392,"column":68},"end":{"line":392,"column":82}}]},"32":{"type":"branch","line":392,"loc":{"start":{"line":392,"column":75},"end":{"line":392,"column":86}},"locations":[{"start":{"line":392,"column":75},"end":{"line":392,"column":86}}]},"33":{"type":"branch","line":392,"loc":{"start":{"line":392,"column":88},"end":{"line":395,"column":28}},"locations":[{"start":{"line":392,"column":88},"end":{"line":395,"column":28}}]},"34":{"type":"branch","line":395,"loc":{"start":{"line":395,"column":23},"end":{"line":395,"column":50}},"locations":[{"start":{"line":395,"column":23},"end":{"line":395,"column":50}}]},"35":{"type":"branch","line":395,"loc":{"start":{"line":395,"column":50},"end":{"line":397,"column":3}},"locations":[{"start":{"line":395,"column":50},"end":{"line":397,"column":3}}]},"36":{"type":"branch","line":396,"loc":{"start":{"line":396,"column":37},"end":{"line":396,"column":51}},"locations":[{"start":{"line":396,"column":37},"end":{"line":396,"column":51}}]},"37":{"type":"branch","line":396,"loc":{"start":{"line":396,"column":44},"end":{"line":396,"column":55}},"locations":[{"start":{"line":396,"column":44},"end":{"line":396,"column":55}}]},"38":{"type":"branch","line":397,"loc":{"start":{"line":397,"column":2},"end":{"line":399,"column":1}},"locations":[{"start":{"line":397,"column":2},"end":{"line":399,"column":1}}]}},"b":{"0":[6],"1":[6],"2":[6],"3":[6],"4":[6],"5":[5],"6":[2],"7":[3],"8":[2],"9":[7],"10":[3],"11":[3],"12":[5],"13":[5],"14":[21],"15":[20],"16":[2],"17":[19],"18":[2],"19":[19],"20":[0],"21":[19],"22":[4],"23":[2],"24":[2],"25":[19],"26":[6],"27":[3],"28":[3],"29":[19],"30":[11],"31":[6],"32":[5],"33":[19],"34":[15],"35":[11],"36":[6],"37":[5],"38":[19]},"fnMap":{"0":{"name":"formatDate","decl":{"start":{"line":38,"column":2},"end":{"line":43,"column":3}},"loc":{"start":{"line":38,"column":2},"end":{"line":43,"column":3}},"line":38},"1":{"name":"getWeekday","decl":{"start":{"line":62,"column":2},"end":{"line":65,"column":3}},"loc":{"start":{"line":62,"column":2},"end":{"line":65,"column":3}},"line":62},"2":{"name":"formatTime","decl":{"start":{"line":83,"column":2},"end":{"line":88,"column":3}},"loc":{"start":{"line":83,"column":2},"end":{"line":88,"column":3}},"line":83},"3":{"name":"<instance_members_initializer>","decl":{"start":{"line":123,"column":25},"end":{"line":198,"column":1}},"loc":{"start":{"line":123,"column":25},"end":{"line":198,"column":1}},"line":123},"4":{"name":"TimeUpdater","decl":{"start":{"line":145,"column":2},"end":{"line":148,"column":3}},"loc":{"start":{"line":145,"column":2},"end":{"line":148,"column":3}},"line":145},"5":{"name":"updateDateTime","decl":{"start":{"line":171,"column":10},"end":{"line":177,"column":3}},"loc":{"start":{"line":171,"column":10},"end":{"line":177,"column":3}},"line":171},"6":{"name":"startUpdate","decl":{"start":{"line":185,"column":9},"end":{"line":188,"column":3}},"loc":{"start":{"line":185,"column":9},"end":{"line":188,"column":3}},"line":185},"7":{"name":"stopUpdate","decl":{"start":{"line":195,"column":9},"end":{"line":197,"column":3}},"loc":{"start":{"line":195,"column":9},"end":{"line":197,"column":3}},"line":195},"8":{"name":"<instance_members_initializer>","decl":{"start":{"line":221,"column":19},"end":{"line":270,"column":1}},"loc":{"start":{"line":221,"column":19},"end":{"line":270,"column":1}},"line":221},"9":{"name":"start","decl":{"start":{"line":243,"column":2},"end":{"line":245,"column":3}},"loc":{"start":{"line":243,"column":2},"end":{"line":245,"column":3}},"line":243},"10":{"name":"stop","decl":{"start":{"line":264,"column":2},"end":{"line":269,"column":3}},"loc":{"start":{"line":264,"column":2},"end":{"line":269,"column":3}},"line":264},"11":{"name":"formatChineseDateTime","decl":{"start":{"line":296,"column":37},"end":{"line":305,"column":1}},"loc":{"start":{"line":296,"column":37},"end":{"line":305,"column":1}},"line":296},"12":{"name":"conversionTime","decl":{"start":{"line":322,"column":30},"end":{"line":330,"column":1}},"loc":{"start":{"line":322,"column":30},"end":{"line":330,"column":1}},"line":322},"13":{"name":"convertTime","decl":{"start":{"line":361,"column":27},"end":{"line":399,"column":1}},"loc":{"start":{"line":361,"column":27},"end":{"line":399,"column":1}},"line":361}},"f":{"0":6,"1":6,"2":6,"3":6,"4":6,"5":5,"6":2,"7":2,"8":7,"9":3,"10":3,"11":5,"12":5,"13":21}}
}
