{"E:\\project\\node\\utils\\src\\utils\\http.ts": {"path":"E:\\project\\node\\utils\\src\\utils\\http.ts","all":false,"statementMap":{"21":{"start":{"line":22,"column":0},"end":{"line":22,"column":85}},"22":{"start":{"line":23,"column":0},"end":{"line":23,"column":7}},"24":{"start":{"line":25,"column":0},"end":{"line":25,"column":37}},"25":{"start":{"line":26,"column":0},"end":{"line":26,"column":23}},"26":{"start":{"line":27,"column":0},"end":{"line":27,"column":55}},"27":{"start":{"line":28,"column":0},"end":{"line":28,"column":5}},"30":{"start":{"line":31,"column":0},"end":{"line":31,"column":38}},"33":{"start":{"line":34,"column":0},"end":{"line":34,"column":45}},"36":{"start":{"line":37,"column":0},"end":{"line":37,"column":44}},"37":{"start":{"line":38,"column":0},"end":{"line":38,"column":23}},"38":{"start":{"line":39,"column":0},"end":{"line":39,"column":40}},"39":{"start":{"line":40,"column":0},"end":{"line":40,"column":53}},"40":{"start":{"line":41,"column":0},"end":{"line":41,"column":26}},"41":{"start":{"line":42,"column":0},"end":{"line":42,"column":48}},"44":{"start":{"line":45,"column":0},"end":{"line":45,"column":32}},"45":{"start":{"line":46,"column":0},"end":{"line":46,"column":19}},"46":{"start":{"line":47,"column":0},"end":{"line":47,"column":36}},"47":{"start":{"line":48,"column":0},"end":{"line":48,"column":30}},"48":{"start":{"line":49,"column":0},"end":{"line":49,"column":3}},"49":{"start":{"line":50,"column":0},"end":{"line":50,"column":1}},"74":{"start":{"line":75,"column":0},"end":{"line":75,"column":19}},"75":{"start":{"line":76,"column":0},"end":{"line":76,"column":34}},"82":{"start":{"line":83,"column":0},"end":{"line":83,"column":37}},"83":{"start":{"line":84,"column":0},"end":{"line":84,"column":26}},"84":{"start":{"line":85,"column":0},"end":{"line":85,"column":3}},"105":{"start":{"line":106,"column":0},"end":{"line":106,"column":123}},"106":{"start":{"line":107,"column":0},"end":{"line":107,"column":74}},"109":{"start":{"line":110,"column":0},"end":{"line":110,"column":72}},"110":{"start":{"line":111,"column":0},"end":{"line":111,"column":58}},"113":{"start":{"line":114,"column":0},"end":{"line":114,"column":74}},"114":{"start":{"line":115,"column":0},"end":{"line":115,"column":70}},"117":{"start":{"line":118,"column":0},"end":{"line":118,"column":9}},"118":{"start":{"line":119,"column":0},"end":{"line":119,"column":41}},"119":{"start":{"line":120,"column":0},"end":{"line":120,"column":15}},"120":{"start":{"line":121,"column":0},"end":{"line":121,"column":30}},"121":{"start":{"line":122,"column":0},"end":{"line":122,"column":49}},"122":{"start":{"line":123,"column":0},"end":{"line":123,"column":15}},"123":{"start":{"line":124,"column":0},"end":{"line":124,"column":8}},"125":{"start":{"line":126,"column":0},"end":{"line":126,"column":25}},"126":{"start":{"line":127,"column":0},"end":{"line":127,"column":65}},"127":{"start":{"line":128,"column":0},"end":{"line":128,"column":7}},"129":{"start":{"line":130,"column":0},"end":{"line":130,"column":42}},"131":{"start":{"line":132,"column":0},"end":{"line":132,"column":45}},"132":{"start":{"line":133,"column":0},"end":{"line":133,"column":21}},"133":{"start":{"line":134,"column":0},"end":{"line":134,"column":17}},"134":{"start":{"line":135,"column":0},"end":{"line":135,"column":5}},"135":{"start":{"line":136,"column":0},"end":{"line":136,"column":3}},"149":{"start":{"line":150,"column":0},"end":{"line":150,"column":85}},"150":{"start":{"line":151,"column":0},"end":{"line":151,"column":74}},"151":{"start":{"line":152,"column":0},"end":{"line":152,"column":3}},"161":{"start":{"line":162,"column":0},"end":{"line":162,"column":109}},"162":{"start":{"line":163,"column":0},"end":{"line":163,"column":49}},"163":{"start":{"line":164,"column":0},"end":{"line":164,"column":16}},"164":{"start":{"line":165,"column":0},"end":{"line":165,"column":11}},"165":{"start":{"line":166,"column":0},"end":{"line":166,"column":20}},"166":{"start":{"line":167,"column":0},"end":{"line":167,"column":6}},"167":{"start":{"line":168,"column":0},"end":{"line":168,"column":3}},"178":{"start":{"line":179,"column":0},"end":{"line":179,"column":108}},"179":{"start":{"line":180,"column":0},"end":{"line":180,"column":49}},"180":{"start":{"line":181,"column":0},"end":{"line":181,"column":16}},"181":{"start":{"line":182,"column":0},"end":{"line":182,"column":11}},"182":{"start":{"line":183,"column":0},"end":{"line":183,"column":19}},"183":{"start":{"line":184,"column":0},"end":{"line":184,"column":6}},"184":{"start":{"line":185,"column":0},"end":{"line":185,"column":3}},"192":{"start":{"line":193,"column":0},"end":{"line":193,"column":88}},"193":{"start":{"line":194,"column":0},"end":{"line":194,"column":77}},"194":{"start":{"line":195,"column":0},"end":{"line":195,"column":3}},"195":{"start":{"line":196,"column":0},"end":{"line":196,"column":1}},"218":{"start":{"line":219,"column":0},"end":{"line":219,"column":71}},"219":{"start":{"line":220,"column":0},"end":{"line":220,"column":45}},"221":{"start":{"line":222,"column":0},"end":{"line":222,"column":52}},"223":{"start":{"line":224,"column":0},"end":{"line":224,"column":31}},"224":{"start":{"line":225,"column":0},"end":{"line":225,"column":71}},"225":{"start":{"line":226,"column":0},"end":{"line":226,"column":12}},"226":{"start":{"line":227,"column":0},"end":{"line":227,"column":49}},"227":{"start":{"line":228,"column":0},"end":{"line":228,"column":5}},"228":{"start":{"line":229,"column":0},"end":{"line":229,"column":3}},"230":{"start":{"line":231,"column":0},"end":{"line":231,"column":33}},"231":{"start":{"line":232,"column":0},"end":{"line":232,"column":2}}},"s":{"21":1,"22":3,"24":3,"25":3,"26":1,"27":1,"30":1,"33":1,"36":1,"37":1,"38":1,"39":1,"40":1,"41":1,"44":1,"45":3,"46":2,"47":2,"48":2,"49":3,"74":1,"75":1,"82":1,"83":1,"84":1,"105":1,"106":7,"109":7,"110":7,"113":7,"114":7,"117":7,"118":7,"119":7,"120":7,"121":7,"122":7,"123":7,"125":7,"126":1,"127":1,"129":5,"131":5,"132":7,"133":2,"134":2,"135":7,"149":1,"150":4,"151":4,"161":1,"162":1,"163":1,"164":1,"165":1,"166":1,"167":1,"178":1,"179":1,"180":1,"181":1,"182":1,"183":1,"184":1,"192":1,"193":1,"194":1,"195":1,"218":1,"219":6,"221":6,"223":10,"224":2,"225":10,"226":8,"227":8,"228":10,"230":6,"231":6},"branchMap":{"0":{"type":"branch","line":22,"loc":{"start":{"line":22,"column":28},"end":{"line":50,"column":1}},"locations":[{"start":{"line":22,"column":28},"end":{"line":50,"column":1}}]},"1":{"type":"branch","line":25,"loc":{"start":{"line":25,"column":36},"end":{"line":26,"column":22}},"locations":[{"start":{"line":25,"column":36},"end":{"line":26,"column":22}}]},"2":{"type":"branch","line":26,"loc":{"start":{"line":26,"column":22},"end":{"line":46,"column":11}},"locations":[{"start":{"line":26,"column":22},"end":{"line":46,"column":11}}]},"3":{"type":"branch","line":46,"loc":{"start":{"line":46,"column":2},"end":{"line":49,"column":3}},"locations":[{"start":{"line":46,"column":2},"end":{"line":49,"column":3}}]},"4":{"type":"branch","line":75,"loc":{"start":{"line":75,"column":7},"end":{"line":196,"column":1}},"locations":[{"start":{"line":75,"column":7},"end":{"line":196,"column":1}}]},"5":{"type":"branch","line":83,"loc":{"start":{"line":83,"column":2},"end":{"line":85,"column":3}},"locations":[{"start":{"line":83,"column":2},"end":{"line":85,"column":3}}]},"6":{"type":"branch","line":106,"loc":{"start":{"line":106,"column":2},"end":{"line":136,"column":3}},"locations":[{"start":{"line":106,"column":2},"end":{"line":136,"column":3}}]},"7":{"type":"branch","line":110,"loc":{"start":{"line":110,"column":24},"end":{"line":110,"column":70}},"locations":[{"start":{"line":110,"column":24},"end":{"line":110,"column":70}}]},"8":{"type":"branch","line":110,"loc":{"start":{"line":110,"column":65},"end":{"line":110,"column":72}},"locations":[{"start":{"line":110,"column":65},"end":{"line":110,"column":72}}]},"9":{"type":"branch","line":114,"loc":{"start":{"line":114,"column":24},"end":{"line":114,"column":72}},"locations":[{"start":{"line":114,"column":24},"end":{"line":114,"column":72}}]},"10":{"type":"branch","line":114,"loc":{"start":{"line":114,"column":68},"end":{"line":114,"column":74}},"locations":[{"start":{"line":114,"column":68},"end":{"line":114,"column":74}}]},"11":{"type":"branch","line":122,"loc":{"start":{"line":122,"column":14},"end":{"line":122,"column":44}},"locations":[{"start":{"line":122,"column":14},"end":{"line":122,"column":44}}]},"12":{"type":"branch","line":122,"loc":{"start":{"line":122,"column":40},"end":{"line":122,"column":49}},"locations":[{"start":{"line":122,"column":40},"end":{"line":122,"column":49}}]},"13":{"type":"branch","line":124,"loc":{"start":{"line":124,"column":7},"end":{"line":126,"column":24}},"locations":[{"start":{"line":124,"column":7},"end":{"line":126,"column":24}}]},"14":{"type":"branch","line":126,"loc":{"start":{"line":126,"column":24},"end":{"line":128,"column":7}},"locations":[{"start":{"line":126,"column":24},"end":{"line":128,"column":7}}]},"15":{"type":"branch","line":128,"loc":{"start":{"line":128,"column":6},"end":{"line":133,"column":13}},"locations":[{"start":{"line":128,"column":6},"end":{"line":133,"column":13}}]},"16":{"type":"branch","line":133,"loc":{"start":{"line":133,"column":4},"end":{"line":135,"column":5}},"locations":[{"start":{"line":133,"column":4},"end":{"line":135,"column":5}}]},"17":{"type":"branch","line":150,"loc":{"start":{"line":150,"column":2},"end":{"line":152,"column":3}},"locations":[{"start":{"line":150,"column":2},"end":{"line":152,"column":3}}]},"18":{"type":"branch","line":162,"loc":{"start":{"line":162,"column":2},"end":{"line":168,"column":3}},"locations":[{"start":{"line":162,"column":2},"end":{"line":168,"column":3}}]},"19":{"type":"branch","line":179,"loc":{"start":{"line":179,"column":2},"end":{"line":185,"column":3}},"locations":[{"start":{"line":179,"column":2},"end":{"line":185,"column":3}}]},"20":{"type":"branch","line":193,"loc":{"start":{"line":193,"column":2},"end":{"line":195,"column":3}},"locations":[{"start":{"line":193,"column":2},"end":{"line":195,"column":3}}]},"21":{"type":"branch","line":219,"loc":{"start":{"line":219,"column":36},"end":{"line":232,"column":2}},"locations":[{"start":{"line":219,"column":36},"end":{"line":232,"column":2}}]},"22":{"type":"branch","line":222,"loc":{"start":{"line":222,"column":51},"end":{"line":229,"column":3}},"locations":[{"start":{"line":222,"column":51},"end":{"line":229,"column":3}}]},"23":{"type":"branch","line":224,"loc":{"start":{"line":224,"column":30},"end":{"line":226,"column":11}},"locations":[{"start":{"line":224,"column":30},"end":{"line":226,"column":11}}]},"24":{"type":"branch","line":226,"loc":{"start":{"line":226,"column":4},"end":{"line":228,"column":5}},"locations":[{"start":{"line":226,"column":4},"end":{"line":228,"column":5}}]},"25":{"type":"branch","line":225,"loc":{"start":{"line":225,"column":20},"end":{"line":225,"column":69}},"locations":[{"start":{"line":225,"column":20},"end":{"line":225,"column":69}}]}},"b":{"0":[3],"1":[2],"2":[1],"3":[2],"4":[1],"5":[1],"6":[7],"7":[1],"8":[6],"9":[2],"10":[5],"11":[2],"12":[5],"13":[6],"14":[1],"15":[5],"16":[2],"17":[4],"18":[1],"19":[1],"20":[1],"21":[6],"22":[10],"23":[2],"24":[8],"25":[5]},"fnMap":{"0":{"name":"downloadFile","decl":{"start":{"line":22,"column":28},"end":{"line":50,"column":1}},"loc":{"start":{"line":22,"column":28},"end":{"line":50,"column":1}},"line":22},"1":{"name":"<instance_members_initializer>","decl":{"start":{"line":75,"column":7},"end":{"line":196,"column":1}},"loc":{"start":{"line":75,"column":7},"end":{"line":196,"column":1}},"line":75},"2":{"name":"Http","decl":{"start":{"line":83,"column":2},"end":{"line":85,"column":3}},"loc":{"start":{"line":83,"column":2},"end":{"line":85,"column":3}},"line":83},"3":{"name":"request","decl":{"start":{"line":106,"column":2},"end":{"line":136,"column":3}},"loc":{"start":{"line":106,"column":2},"end":{"line":136,"column":3}},"line":106},"4":{"name":"get","decl":{"start":{"line":150,"column":2},"end":{"line":152,"column":3}},"loc":{"start":{"line":150,"column":2},"end":{"line":152,"column":3}},"line":150},"5":{"name":"post","decl":{"start":{"line":162,"column":2},"end":{"line":168,"column":3}},"loc":{"start":{"line":162,"column":2},"end":{"line":168,"column":3}},"line":162},"6":{"name":"put","decl":{"start":{"line":179,"column":2},"end":{"line":185,"column":3}},"loc":{"start":{"line":179,"column":2},"end":{"line":185,"column":3}},"line":179},"7":{"name":"delete","decl":{"start":{"line":193,"column":2},"end":{"line":195,"column":3}},"loc":{"start":{"line":193,"column":2},"end":{"line":195,"column":3}},"line":193},"8":{"name":"URLSearchParamsUtils","decl":{"start":{"line":219,"column":36},"end":{"line":232,"column":2}},"loc":{"start":{"line":219,"column":36},"end":{"line":232,"column":2}},"line":219}},"f":{"0":3,"1":1,"2":1,"3":7,"4":4,"5":1,"6":1,"7":1,"8":6}}
,"E:\\project\\node\\utils\\src\\utils\\images.ts": {"path":"E:\\project\\node\\utils\\src\\utils\\images.ts","all":false,"statementMap":{"16":{"start":{"line":17,"column":0},"end":{"line":17,"column":92}},"17":{"start":{"line":18,"column":0},"end":{"line":18,"column":21}},"18":{"start":{"line":19,"column":0},"end":{"line":19,"column":18}},"19":{"start":{"line":20,"column":0},"end":{"line":20,"column":14}},"20":{"start":{"line":21,"column":0},"end":{"line":21,"column":60}},"21":{"start":{"line":22,"column":0},"end":{"line":22,"column":35}},"22":{"start":{"line":23,"column":0},"end":{"line":23,"column":45}},"23":{"start":{"line":24,"column":0},"end":{"line":24,"column":67}},"24":{"start":{"line":25,"column":0},"end":{"line":25,"column":25}},"25":{"start":{"line":26,"column":0},"end":{"line":26,"column":10}},"26":{"start":{"line":27,"column":0},"end":{"line":27,"column":5}},"27":{"start":{"line":28,"column":0},"end":{"line":28,"column":3}},"28":{"start":{"line":29,"column":0},"end":{"line":29,"column":1}},"46":{"start":{"line":47,"column":0},"end":{"line":47,"column":86}},"47":{"start":{"line":48,"column":0},"end":{"line":48,"column":43}},"48":{"start":{"line":49,"column":0},"end":{"line":49,"column":27}},"49":{"start":{"line":50,"column":0},"end":{"line":50,"column":24}},"50":{"start":{"line":51,"column":0},"end":{"line":51,"column":18}},"51":{"start":{"line":52,"column":0},"end":{"line":52,"column":5}},"52":{"start":{"line":53,"column":0},"end":{"line":53,"column":25}},"53":{"start":{"line":54,"column":0},"end":{"line":54,"column":33}},"54":{"start":{"line":55,"column":0},"end":{"line":55,"column":5}},"55":{"start":{"line":56,"column":0},"end":{"line":56,"column":22}},"56":{"start":{"line":57,"column":0},"end":{"line":57,"column":4}},"57":{"start":{"line":58,"column":0},"end":{"line":58,"column":1}}},"s":{"16":1,"17":5,"18":5,"19":5,"20":9,"21":9,"22":9,"23":9,"24":9,"25":9,"26":5,"27":5,"28":5,"46":1,"47":2,"48":2,"49":2,"50":1,"51":1,"52":2,"53":1,"54":1,"55":2,"56":2,"57":2},"branchMap":{"0":{"type":"branch","line":17,"loc":{"start":{"line":17,"column":37},"end":{"line":29,"column":1}},"locations":[{"start":{"line":17,"column":37},"end":{"line":29,"column":1}}]},"1":{"type":"branch","line":20,"loc":{"start":{"line":20,"column":6},"end":{"line":26,"column":10}},"locations":[{"start":{"line":20,"column":6},"end":{"line":26,"column":10}}]},"2":{"type":"branch","line":21,"loc":{"start":{"line":21,"column":38},"end":{"line":26,"column":9}},"locations":[{"start":{"line":21,"column":38},"end":{"line":26,"column":9}}]},"3":{"type":"branch","line":23,"loc":{"start":{"line":23,"column":25},"end":{"line":23,"column":45}},"locations":[{"start":{"line":23,"column":25},"end":{"line":23,"column":45}}]},"4":{"type":"branch","line":24,"loc":{"start":{"line":24,"column":26},"end":{"line":24,"column":67}},"locations":[{"start":{"line":24,"column":26},"end":{"line":24,"column":67}}]},"5":{"type":"branch","line":47,"loc":{"start":{"line":47,"column":36},"end":{"line":58,"column":1}},"locations":[{"start":{"line":47,"column":36},"end":{"line":58,"column":1}}]},"6":{"type":"branch","line":48,"loc":{"start":{"line":48,"column":21},"end":{"line":57,"column":3}},"locations":[{"start":{"line":48,"column":21},"end":{"line":57,"column":3}}]},"7":{"type":"branch","line":50,"loc":{"start":{"line":50,"column":17},"end":{"line":52,"column":5}},"locations":[{"start":{"line":50,"column":17},"end":{"line":52,"column":5}}]},"8":{"type":"branch","line":53,"loc":{"start":{"line":53,"column":18},"end":{"line":55,"column":5}},"locations":[{"start":{"line":53,"column":18},"end":{"line":55,"column":5}}]}},"b":{"0":[5],"1":[9],"2":[9],"3":[4],"4":[5],"5":[2],"6":[2],"7":[1],"8":[1]},"fnMap":{"0":{"name":"preloadAndCacheImages","decl":{"start":{"line":17,"column":37},"end":{"line":29,"column":1}},"loc":{"start":{"line":17,"column":37},"end":{"line":29,"column":1}},"line":17},"1":{"name":"image.onload","decl":{"start":{"line":23,"column":25},"end":{"line":23,"column":45}},"loc":{"start":{"line":23,"column":25},"end":{"line":23,"column":45}},"line":23},"2":{"name":"image.onerror","decl":{"start":{"line":24,"column":26},"end":{"line":24,"column":67}},"loc":{"start":{"line":24,"column":26},"end":{"line":24,"column":67}},"line":24},"3":{"name":"preloadAndCacheImage","decl":{"start":{"line":47,"column":36},"end":{"line":58,"column":1}},"loc":{"start":{"line":47,"column":36},"end":{"line":58,"column":1}},"line":47},"4":{"name":"img.onload","decl":{"start":{"line":50,"column":17},"end":{"line":52,"column":5}},"loc":{"start":{"line":50,"column":17},"end":{"line":52,"column":5}},"line":50},"5":{"name":"img.onerror","decl":{"start":{"line":53,"column":18},"end":{"line":55,"column":5}},"loc":{"start":{"line":53,"column":18},"end":{"line":55,"column":5}},"line":53}},"f":{"0":5,"1":4,"2":5,"3":2,"4":1,"5":1}}
,"E:\\project\\node\\utils\\src\\utils\\index.ts": {"path":"E:\\project\\node\\utils\\src\\utils\\index.ts","all":false,"statementMap":{"16":{"start":{"line":17,"column":0},"end":{"line":17,"column":103}},"17":{"start":{"line":18,"column":0},"end":{"line":18,"column":52}},"18":{"start":{"line":19,"column":0},"end":{"line":19,"column":16}},"19":{"start":{"line":20,"column":0},"end":{"line":20,"column":48}},"20":{"start":{"line":21,"column":0},"end":{"line":21,"column":50}},"21":{"start":{"line":22,"column":0},"end":{"line":22,"column":16}},"22":{"start":{"line":23,"column":0},"end":{"line":23,"column":53}},"23":{"start":{"line":24,"column":0},"end":{"line":24,"column":57}},"24":{"start":{"line":25,"column":0},"end":{"line":25,"column":59}},"25":{"start":{"line":26,"column":0},"end":{"line":26,"column":55}},"26":{"start":{"line":27,"column":0},"end":{"line":27,"column":68}},"27":{"start":{"line":28,"column":0},"end":{"line":28,"column":70}},"28":{"start":{"line":29,"column":0},"end":{"line":29,"column":14}},"29":{"start":{"line":30,"column":0},"end":{"line":30,"column":28}},"30":{"start":{"line":31,"column":0},"end":{"line":31,"column":29}},"31":{"start":{"line":32,"column":0},"end":{"line":32,"column":7}},"32":{"start":{"line":33,"column":0},"end":{"line":33,"column":12}},"33":{"start":{"line":34,"column":0},"end":{"line":34,"column":67}},"34":{"start":{"line":35,"column":0},"end":{"line":35,"column":5}},"35":{"start":{"line":36,"column":0},"end":{"line":36,"column":10}},"36":{"start":{"line":37,"column":0},"end":{"line":37,"column":50}},"37":{"start":{"line":38,"column":0},"end":{"line":38,"column":3}},"38":{"start":{"line":39,"column":0},"end":{"line":39,"column":1}},"52":{"start":{"line":53,"column":0},"end":{"line":53,"column":57}},"53":{"start":{"line":54,"column":0},"end":{"line":54,"column":36}},"54":{"start":{"line":55,"column":0},"end":{"line":55,"column":33}},"55":{"start":{"line":56,"column":0},"end":{"line":56,"column":35}},"56":{"start":{"line":57,"column":0},"end":{"line":57,"column":28}},"57":{"start":{"line":58,"column":0},"end":{"line":58,"column":31}},"58":{"start":{"line":59,"column":0},"end":{"line":59,"column":35}},"59":{"start":{"line":60,"column":0},"end":{"line":60,"column":55}},"60":{"start":{"line":61,"column":0},"end":{"line":61,"column":1}},"84":{"start":{"line":85,"column":0},"end":{"line":85,"column":66}},"85":{"start":{"line":86,"column":0},"end":{"line":86,"column":50}},"86":{"start":{"line":87,"column":0},"end":{"line":87,"column":79}},"87":{"start":{"line":88,"column":0},"end":{"line":88,"column":3}},"89":{"start":{"line":90,"column":0},"end":{"line":90,"column":93}},"90":{"start":{"line":91,"column":0},"end":{"line":91,"column":31}},"91":{"start":{"line":92,"column":0},"end":{"line":92,"column":36}},"92":{"start":{"line":93,"column":0},"end":{"line":93,"column":77}},"93":{"start":{"line":94,"column":0},"end":{"line":94,"column":50}},"94":{"start":{"line":95,"column":0},"end":{"line":95,"column":3}},"95":{"start":{"line":96,"column":0},"end":{"line":96,"column":44}},"96":{"start":{"line":97,"column":0},"end":{"line":97,"column":1}}},"s":{"16":1,"17":3,"18":3,"19":2,"20":2,"21":2,"22":1,"23":1,"24":1,"25":1,"26":1,"27":1,"28":1,"29":1,"30":1,"31":1,"32":1,"33":1,"34":1,"35":3,"36":1,"37":1,"38":3,"52":1,"53":5,"54":5,"55":5,"56":5,"57":5,"58":5,"59":5,"60":5,"84":1,"85":5,"86":3,"87":3,"89":2,"90":2,"91":5,"92":1010,"93":1010,"94":1010,"95":2,"96":2},"branchMap":{"0":{"type":"branch","line":17,"loc":{"start":{"line":17,"column":36},"end":{"line":39,"column":1}},"locations":[{"start":{"line":17,"column":36},"end":{"line":39,"column":1}}]},"1":{"type":"branch","line":19,"loc":{"start":{"line":19,"column":15},"end":{"line":36,"column":9}},"locations":[{"start":{"line":19,"column":15},"end":{"line":36,"column":9}}]},"2":{"type":"branch","line":22,"loc":{"start":{"line":22,"column":15},"end":{"line":35,"column":5}},"locations":[{"start":{"line":22,"column":15},"end":{"line":35,"column":5}}]},"3":{"type":"branch","line":36,"loc":{"start":{"line":36,"column":2},"end":{"line":38,"column":3}},"locations":[{"start":{"line":36,"column":2},"end":{"line":38,"column":3}}]},"4":{"type":"branch","line":53,"loc":{"start":{"line":53,"column":30},"end":{"line":61,"column":1}},"locations":[{"start":{"line":53,"column":30},"end":{"line":61,"column":1}}]},"5":{"type":"branch","line":85,"loc":{"start":{"line":85,"column":26},"end":{"line":97,"column":1}},"locations":[{"start":{"line":85,"column":26},"end":{"line":97,"column":1}}]},"6":{"type":"branch","line":86,"loc":{"start":{"line":86,"column":24},"end":{"line":86,"column":49}},"locations":[{"start":{"line":86,"column":24},"end":{"line":86,"column":49}}]},"7":{"type":"branch","line":86,"loc":{"start":{"line":86,"column":49},"end":{"line":88,"column":3}},"locations":[{"start":{"line":86,"column":49},"end":{"line":88,"column":3}}]},"8":{"type":"branch","line":88,"loc":{"start":{"line":88,"column":2},"end":{"line":92,"column":35}},"locations":[{"start":{"line":88,"column":2},"end":{"line":92,"column":35}}]},"9":{"type":"branch","line":92,"loc":{"start":{"line":92,"column":35},"end":{"line":95,"column":3}},"locations":[{"start":{"line":92,"column":35},"end":{"line":95,"column":3}}]},"10":{"type":"branch","line":95,"loc":{"start":{"line":95,"column":2},"end":{"line":97,"column":1}},"locations":[{"start":{"line":95,"column":2},"end":{"line":97,"column":1}}]}},"b":{"0":[3],"1":[2],"2":[1],"3":[1],"4":[5],"5":[5],"6":[4],"7":[3],"8":[2],"9":[1010],"10":[2]},"fnMap":{"0":{"name":"getContentDimensions","decl":{"start":{"line":17,"column":36},"end":{"line":39,"column":1}},"loc":{"start":{"line":17,"column":36},"end":{"line":39,"column":1}},"line":17},"1":{"name":"conversionTime","decl":{"start":{"line":53,"column":30},"end":{"line":61,"column":1}},"loc":{"start":{"line":53,"column":30},"end":{"line":61,"column":1}},"line":53},"2":{"name":"genRandStr","decl":{"start":{"line":85,"column":26},"end":{"line":97,"column":1}},"loc":{"start":{"line":85,"column":26},"end":{"line":97,"column":1}},"line":85}},"f":{"0":3,"1":5,"2":5}}
,"E:\\project\\node\\utils\\src\\utils\\map.ts": {"path":"E:\\project\\node\\utils\\src\\utils\\map.ts","all":false,"statementMap":{"20":{"start":{"line":21,"column":0},"end":{"line":21,"column":95}},"22":{"start":{"line":23,"column":0},"end":{"line":23,"column":59}},"23":{"start":{"line":24,"column":0},"end":{"line":24,"column":40}},"24":{"start":{"line":25,"column":0},"end":{"line":25,"column":3}},"27":{"start":{"line":28,"column":0},"end":{"line":28,"column":63}},"28":{"start":{"line":29,"column":0},"end":{"line":29,"column":42}},"29":{"start":{"line":30,"column":0},"end":{"line":30,"column":3}},"31":{"start":{"line":32,"column":0},"end":{"line":32,"column":31}},"32":{"start":{"line":33,"column":0},"end":{"line":33,"column":31}},"33":{"start":{"line":34,"column":0},"end":{"line":34,"column":29}},"34":{"start":{"line":35,"column":0},"end":{"line":35,"column":41}},"35":{"start":{"line":36,"column":0},"end":{"line":36,"column":11}},"36":{"start":{"line":37,"column":0},"end":{"line":37,"column":129}},"37":{"start":{"line":38,"column":0},"end":{"line":38,"column":59}},"38":{"start":{"line":39,"column":0},"end":{"line":39,"column":34}},"39":{"start":{"line":40,"column":0},"end":{"line":40,"column":62}},"40":{"start":{"line":41,"column":0},"end":{"line":41,"column":103}},"41":{"start":{"line":42,"column":0},"end":{"line":42,"column":1}},"59":{"start":{"line":60,"column":0},"end":{"line":60,"column":118}},"61":{"start":{"line":62,"column":0},"end":{"line":62,"column":71}},"62":{"start":{"line":63,"column":0},"end":{"line":63,"column":42}},"63":{"start":{"line":64,"column":0},"end":{"line":64,"column":3}},"66":{"start":{"line":67,"column":0},"end":{"line":67,"column":67}},"67":{"start":{"line":68,"column":0},"end":{"line":68,"column":40}},"68":{"start":{"line":69,"column":0},"end":{"line":69,"column":3}},"69":{"start":{"line":70,"column":0},"end":{"line":70,"column":41}},"70":{"start":{"line":71,"column":0},"end":{"line":71,"column":41}},"71":{"start":{"line":72,"column":0},"end":{"line":72,"column":31}},"72":{"start":{"line":73,"column":0},"end":{"line":73,"column":1}},"80":{"start":{"line":81,"column":0},"end":{"line":81,"column":39}},"81":{"start":{"line":82,"column":0},"end":{"line":82,"column":30}},"82":{"start":{"line":83,"column":0},"end":{"line":83,"column":1}},"92":{"start":{"line":93,"column":0},"end":{"line":93,"column":39}},"93":{"start":{"line":94,"column":0},"end":{"line":94,"column":30}},"94":{"start":{"line":95,"column":0},"end":{"line":95,"column":1}},"127":{"start":{"line":128,"column":0},"end":{"line":128,"column":95}},"129":{"start":{"line":130,"column":0},"end":{"line":130,"column":32}},"130":{"start":{"line":131,"column":0},"end":{"line":131,"column":42}},"131":{"start":{"line":132,"column":0},"end":{"line":132,"column":3}},"134":{"start":{"line":135,"column":0},"end":{"line":135,"column":30}},"135":{"start":{"line":136,"column":0},"end":{"line":136,"column":40}},"136":{"start":{"line":137,"column":0},"end":{"line":137,"column":3}},"137":{"start":{"line":138,"column":0},"end":{"line":138,"column":18}},"138":{"start":{"line":139,"column":0},"end":{"line":139,"column":24}},"139":{"start":{"line":140,"column":0},"end":{"line":140,"column":29}},"140":{"start":{"line":141,"column":0},"end":{"line":141,"column":29}},"141":{"start":{"line":142,"column":0},"end":{"line":142,"column":47}},"142":{"start":{"line":143,"column":0},"end":{"line":143,"column":31}},"143":{"start":{"line":144,"column":0},"end":{"line":144,"column":35}},"144":{"start":{"line":145,"column":0},"end":{"line":145,"column":114}},"145":{"start":{"line":146,"column":0},"end":{"line":146,"column":21}},"146":{"start":{"line":147,"column":0},"end":{"line":147,"column":129}},"148":{"start":{"line":149,"column":0},"end":{"line":149,"column":60}},"149":{"start":{"line":150,"column":0},"end":{"line":150,"column":3}},"151":{"start":{"line":152,"column":0},"end":{"line":152,"column":18}},"152":{"start":{"line":153,"column":0},"end":{"line":153,"column":1}}},"s":{"20":1,"22":3,"23":1,"24":1,"27":3,"28":1,"29":1,"31":1,"32":1,"33":1,"34":1,"35":1,"36":1,"37":1,"38":1,"39":1,"40":1,"41":1,"59":1,"61":4,"62":1,"63":1,"66":4,"67":1,"68":1,"69":2,"70":2,"71":2,"72":2,"80":4,"81":4,"82":4,"92":20,"93":20,"94":20,"127":1,"129":4,"130":1,"131":1,"134":4,"135":1,"136":1,"137":2,"138":2,"139":2,"140":2,"141":2,"142":4,"143":8,"144":8,"145":8,"146":8,"148":8,"149":8,"151":2,"152":2},"branchMap":{"0":{"type":"branch","line":21,"loc":{"start":{"line":21,"column":7},"end":{"line":42,"column":1}},"locations":[{"start":{"line":21,"column":7},"end":{"line":42,"column":1}}]},"1":{"type":"branch","line":23,"loc":{"start":{"line":23,"column":27},"end":{"line":23,"column":47}},"locations":[{"start":{"line":23,"column":27},"end":{"line":23,"column":47}}]},"2":{"type":"branch","line":23,"loc":{"start":{"line":23,"column":40},"end":{"line":23,"column":58}},"locations":[{"start":{"line":23,"column":40},"end":{"line":23,"column":58}}]},"3":{"type":"branch","line":23,"loc":{"start":{"line":23,"column":58},"end":{"line":25,"column":3}},"locations":[{"start":{"line":23,"column":58},"end":{"line":25,"column":3}}]},"4":{"type":"branch","line":25,"loc":{"start":{"line":25,"column":2},"end":{"line":28,"column":35}},"locations":[{"start":{"line":25,"column":2},"end":{"line":28,"column":35}}]},"5":{"type":"branch","line":28,"loc":{"start":{"line":28,"column":28},"end":{"line":28,"column":50}},"locations":[{"start":{"line":28,"column":28},"end":{"line":28,"column":50}}]},"6":{"type":"branch","line":28,"loc":{"start":{"line":28,"column":42},"end":{"line":28,"column":62}},"locations":[{"start":{"line":28,"column":42},"end":{"line":28,"column":62}}]},"7":{"type":"branch","line":28,"loc":{"start":{"line":28,"column":62},"end":{"line":42,"column":1}},"locations":[{"start":{"line":28,"column":62},"end":{"line":42,"column":1}}]},"8":{"type":"branch","line":60,"loc":{"start":{"line":60,"column":31},"end":{"line":73,"column":1}},"locations":[{"start":{"line":60,"column":31},"end":{"line":73,"column":1}}]},"9":{"type":"branch","line":62,"loc":{"start":{"line":62,"column":32},"end":{"line":62,"column":56}},"locations":[{"start":{"line":62,"column":32},"end":{"line":62,"column":56}}]},"10":{"type":"branch","line":62,"loc":{"start":{"line":62,"column":48},"end":{"line":62,"column":70}},"locations":[{"start":{"line":62,"column":48},"end":{"line":62,"column":70}}]},"11":{"type":"branch","line":62,"loc":{"start":{"line":62,"column":70},"end":{"line":64,"column":3}},"locations":[{"start":{"line":62,"column":70},"end":{"line":64,"column":3}}]},"12":{"type":"branch","line":64,"loc":{"start":{"line":64,"column":2},"end":{"line":67,"column":37}},"locations":[{"start":{"line":64,"column":2},"end":{"line":67,"column":37}}]},"13":{"type":"branch","line":67,"loc":{"start":{"line":67,"column":31},"end":{"line":67,"column":53}},"locations":[{"start":{"line":67,"column":31},"end":{"line":67,"column":53}}]},"14":{"type":"branch","line":67,"loc":{"start":{"line":67,"column":46},"end":{"line":67,"column":66}},"locations":[{"start":{"line":67,"column":46},"end":{"line":67,"column":66}}]},"15":{"type":"branch","line":67,"loc":{"start":{"line":67,"column":66},"end":{"line":69,"column":3}},"locations":[{"start":{"line":67,"column":66},"end":{"line":69,"column":3}}]},"16":{"type":"branch","line":69,"loc":{"start":{"line":69,"column":2},"end":{"line":73,"column":1}},"locations":[{"start":{"line":69,"column":2},"end":{"line":73,"column":1}}]},"17":{"type":"branch","line":81,"loc":{"start":{"line":81,"column":0},"end":{"line":83,"column":1}},"locations":[{"start":{"line":81,"column":0},"end":{"line":83,"column":1}}]},"18":{"type":"branch","line":93,"loc":{"start":{"line":93,"column":0},"end":{"line":95,"column":1}},"locations":[{"start":{"line":93,"column":0},"end":{"line":95,"column":1}}]},"19":{"type":"branch","line":128,"loc":{"start":{"line":128,"column":34},"end":{"line":153,"column":1}},"locations":[{"start":{"line":128,"column":34},"end":{"line":153,"column":1}}]},"20":{"type":"branch","line":130,"loc":{"start":{"line":130,"column":31},"end":{"line":132,"column":3}},"locations":[{"start":{"line":130,"column":31},"end":{"line":132,"column":3}}]},"21":{"type":"branch","line":132,"loc":{"start":{"line":132,"column":2},"end":{"line":135,"column":29}},"locations":[{"start":{"line":132,"column":2},"end":{"line":135,"column":29}}]},"22":{"type":"branch","line":135,"loc":{"start":{"line":135,"column":29},"end":{"line":137,"column":3}},"locations":[{"start":{"line":135,"column":29},"end":{"line":137,"column":3}}]},"23":{"type":"branch","line":137,"loc":{"start":{"line":137,"column":2},"end":{"line":143,"column":30}},"locations":[{"start":{"line":137,"column":2},"end":{"line":143,"column":30}}]},"24":{"type":"branch","line":143,"loc":{"start":{"line":143,"column":30},"end":{"line":150,"column":3}},"locations":[{"start":{"line":143,"column":30},"end":{"line":150,"column":3}}]},"25":{"type":"branch","line":150,"loc":{"start":{"line":150,"column":2},"end":{"line":153,"column":1}},"locations":[{"start":{"line":150,"column":2},"end":{"line":153,"column":1}}]}},"b":{"0":[3],"1":[2],"2":[2],"3":[1],"4":[2],"5":[1],"6":[1],"7":[1],"8":[4],"9":[3],"10":[3],"11":[1],"12":[3],"13":[2],"14":[2],"15":[1],"16":[2],"17":[4],"18":[20],"19":[4],"20":[1],"21":[3],"22":[1],"23":[2],"24":[8],"25":[2]},"fnMap":{"0":{"name":"distanceLngLat","decl":{"start":{"line":21,"column":7},"end":{"line":42,"column":1}},"loc":{"start":{"line":21,"column":7},"end":{"line":42,"column":1}},"line":21},"1":{"name":"getCenterLonLat","decl":{"start":{"line":60,"column":31},"end":{"line":73,"column":1}},"loc":{"start":{"line":60,"column":31},"end":{"line":73,"column":1}},"line":60},"2":{"name":"deg2rad","decl":{"start":{"line":81,"column":0},"end":{"line":83,"column":1}},"loc":{"start":{"line":81,"column":0},"end":{"line":83,"column":1}},"line":81},"3":{"name":"rad2deg","decl":{"start":{"line":93,"column":0},"end":{"line":95,"column":1}},"loc":{"start":{"line":93,"column":0},"end":{"line":95,"column":1}},"line":93},"4":{"name":"calculateNewPoints","decl":{"start":{"line":128,"column":34},"end":{"line":153,"column":1}},"loc":{"start":{"line":128,"column":34},"end":{"line":153,"column":1}},"line":128}},"f":{"0":3,"1":4,"2":4,"3":20,"4":4}}
,"E:\\project\\node\\utils\\src\\utils\\timer.ts": {"path":"E:\\project\\node\\utils\\src\\utils\\timer.ts","all":false,"statementMap":{"5":{"start":{"line":6,"column":0},"end":{"line":6,"column":28}},"12":{"start":{"line":13,"column":0},"end":{"line":13,"column":34}},"13":{"start":{"line":14,"column":0},"end":{"line":14,"column":35}},"14":{"start":{"line":15,"column":0},"end":{"line":15,"column":62}},"15":{"start":{"line":16,"column":0},"end":{"line":16,"column":55}},"16":{"start":{"line":17,"column":0},"end":{"line":17,"column":36}},"17":{"start":{"line":18,"column":0},"end":{"line":18,"column":3}},"25":{"start":{"line":26,"column":0},"end":{"line":26,"column":34}},"26":{"start":{"line":27,"column":0},"end":{"line":27,"column":66}},"27":{"start":{"line":28,"column":0},"end":{"line":28,"column":30}},"28":{"start":{"line":29,"column":0},"end":{"line":29,"column":3}},"36":{"start":{"line":37,"column":0},"end":{"line":37,"column":34}},"37":{"start":{"line":38,"column":0},"end":{"line":38,"column":57}},"38":{"start":{"line":39,"column":0},"end":{"line":39,"column":58}},"39":{"start":{"line":40,"column":0},"end":{"line":40,"column":58}},"40":{"start":{"line":41,"column":0},"end":{"line":41,"column":34}},"41":{"start":{"line":42,"column":0},"end":{"line":42,"column":3}},"42":{"start":{"line":43,"column":0},"end":{"line":43,"column":1}},"60":{"start":{"line":61,"column":0},"end":{"line":61,"column":26}},"61":{"start":{"line":62,"column":0},"end":{"line":62,"column":48}},"62":{"start":{"line":63,"column":0},"end":{"line":63,"column":68}},"67":{"start":{"line":68,"column":0},"end":{"line":68,"column":17}},"68":{"start":{"line":69,"column":0},"end":{"line":69,"column":28}},"69":{"start":{"line":70,"column":0},"end":{"line":70,"column":40}},"70":{"start":{"line":71,"column":0},"end":{"line":71,"column":3}},"79":{"start":{"line":80,"column":0},"end":{"line":80,"column":72}},"80":{"start":{"line":81,"column":0},"end":{"line":81,"column":27}},"81":{"start":{"line":82,"column":0},"end":{"line":82,"column":57}},"82":{"start":{"line":83,"column":0},"end":{"line":83,"column":49}},"83":{"start":{"line":84,"column":0},"end":{"line":84,"column":51}},"84":{"start":{"line":85,"column":0},"end":{"line":85,"column":47}},"85":{"start":{"line":86,"column":0},"end":{"line":86,"column":3}},"93":{"start":{"line":94,"column":0},"end":{"line":94,"column":68}},"94":{"start":{"line":95,"column":0},"end":{"line":95,"column":33}},"95":{"start":{"line":96,"column":0},"end":{"line":96,"column":63}},"96":{"start":{"line":97,"column":0},"end":{"line":97,"column":3}},"103":{"start":{"line":104,"column":0},"end":{"line":104,"column":29}},"104":{"start":{"line":105,"column":0},"end":{"line":105,"column":21}},"105":{"start":{"line":106,"column":0},"end":{"line":106,"column":3}},"106":{"start":{"line":107,"column":0},"end":{"line":107,"column":1}},"113":{"start":{"line":114,"column":0},"end":{"line":114,"column":20}},"114":{"start":{"line":115,"column":0},"end":{"line":115,"column":42}},"122":{"start":{"line":123,"column":0},"end":{"line":123,"column":53}},"123":{"start":{"line":124,"column":0},"end":{"line":124,"column":53}},"124":{"start":{"line":125,"column":0},"end":{"line":125,"column":3}},"129":{"start":{"line":130,"column":0},"end":{"line":130,"column":16}},"130":{"start":{"line":131,"column":0},"end":{"line":131,"column":35}},"131":{"start":{"line":132,"column":0},"end":{"line":132,"column":36}},"132":{"start":{"line":133,"column":0},"end":{"line":133,"column":28}},"133":{"start":{"line":134,"column":0},"end":{"line":134,"column":5}},"134":{"start":{"line":135,"column":0},"end":{"line":135,"column":3}},"135":{"start":{"line":136,"column":0},"end":{"line":136,"column":1}},"137":{"start":{"line":138,"column":0},"end":{"line":138,"column":44}},"150":{"start":{"line":151,"column":0},"end":{"line":151,"column":71}},"151":{"start":{"line":152,"column":0},"end":{"line":152,"column":33}},"152":{"start":{"line":153,"column":0},"end":{"line":153,"column":37}},"153":{"start":{"line":154,"column":0},"end":{"line":154,"column":64}},"154":{"start":{"line":155,"column":0},"end":{"line":155,"column":57}},"155":{"start":{"line":156,"column":0},"end":{"line":156,"column":59}},"156":{"start":{"line":157,"column":0},"end":{"line":157,"column":63}},"157":{"start":{"line":158,"column":0},"end":{"line":158,"column":63}},"158":{"start":{"line":159,"column":0},"end":{"line":159,"column":64}},"159":{"start":{"line":160,"column":0},"end":{"line":160,"column":1}}},"s":{"5":1,"12":1,"13":6,"14":6,"15":6,"16":6,"17":6,"25":1,"26":6,"27":6,"28":6,"36":1,"37":6,"38":6,"39":6,"40":6,"41":6,"42":1,"60":1,"61":4,"62":4,"67":4,"68":4,"69":4,"70":4,"79":4,"80":5,"81":5,"82":5,"83":5,"84":5,"85":5,"93":4,"94":2,"95":2,"96":2,"103":4,"104":2,"105":2,"106":4,"113":1,"114":5,"122":5,"123":3,"124":3,"129":5,"130":3,"131":3,"132":3,"133":3,"134":3,"135":5,"137":1,"150":1,"151":5,"152":5,"153":5,"154":5,"155":5,"156":5,"157":5,"158":5,"159":5},"branchMap":{"0":{"type":"branch","line":13,"loc":{"start":{"line":13,"column":2},"end":{"line":18,"column":3}},"locations":[{"start":{"line":13,"column":2},"end":{"line":18,"column":3}}]},"1":{"type":"branch","line":26,"loc":{"start":{"line":26,"column":2},"end":{"line":29,"column":3}},"locations":[{"start":{"line":26,"column":2},"end":{"line":29,"column":3}}]},"2":{"type":"branch","line":37,"loc":{"start":{"line":37,"column":2},"end":{"line":42,"column":3}},"locations":[{"start":{"line":37,"column":2},"end":{"line":42,"column":3}}]},"3":{"type":"branch","line":61,"loc":{"start":{"line":61,"column":7},"end":{"line":107,"column":1}},"locations":[{"start":{"line":61,"column":7},"end":{"line":107,"column":1}}]},"4":{"type":"branch","line":68,"loc":{"start":{"line":68,"column":2},"end":{"line":71,"column":3}},"locations":[{"start":{"line":68,"column":2},"end":{"line":71,"column":3}}]},"5":{"type":"branch","line":80,"loc":{"start":{"line":80,"column":10},"end":{"line":86,"column":3}},"locations":[{"start":{"line":80,"column":10},"end":{"line":86,"column":3}}]},"6":{"type":"branch","line":94,"loc":{"start":{"line":94,"column":9},"end":{"line":97,"column":3}},"locations":[{"start":{"line":94,"column":9},"end":{"line":97,"column":3}}]},"7":{"type":"branch","line":96,"loc":{"start":{"line":96,"column":21},"end":{"line":96,"column":58}},"locations":[{"start":{"line":96,"column":21},"end":{"line":96,"column":58}}]},"8":{"type":"branch","line":104,"loc":{"start":{"line":104,"column":9},"end":{"line":106,"column":3}},"locations":[{"start":{"line":104,"column":9},"end":{"line":106,"column":3}}]},"9":{"type":"branch","line":114,"loc":{"start":{"line":114,"column":7},"end":{"line":136,"column":1}},"locations":[{"start":{"line":114,"column":7},"end":{"line":136,"column":1}}]},"10":{"type":"branch","line":123,"loc":{"start":{"line":123,"column":2},"end":{"line":125,"column":3}},"locations":[{"start":{"line":123,"column":2},"end":{"line":125,"column":3}}]},"11":{"type":"branch","line":130,"loc":{"start":{"line":130,"column":2},"end":{"line":135,"column":3}},"locations":[{"start":{"line":130,"column":2},"end":{"line":135,"column":3}}]},"12":{"type":"branch","line":151,"loc":{"start":{"line":151,"column":37},"end":{"line":160,"column":1}},"locations":[{"start":{"line":151,"column":37},"end":{"line":160,"column":1}}]}},"b":{"0":[6],"1":[6],"2":[6],"3":[4],"4":[4],"5":[5],"6":[2],"7":[3],"8":[2],"9":[5],"10":[3],"11":[3],"12":[5]},"fnMap":{"0":{"name":"formatDate","decl":{"start":{"line":13,"column":2},"end":{"line":18,"column":3}},"loc":{"start":{"line":13,"column":2},"end":{"line":18,"column":3}},"line":13},"1":{"name":"getWeekday","decl":{"start":{"line":26,"column":2},"end":{"line":29,"column":3}},"loc":{"start":{"line":26,"column":2},"end":{"line":29,"column":3}},"line":26},"2":{"name":"formatTime","decl":{"start":{"line":37,"column":2},"end":{"line":42,"column":3}},"loc":{"start":{"line":37,"column":2},"end":{"line":42,"column":3}},"line":37},"3":{"name":"<instance_members_initializer>","decl":{"start":{"line":61,"column":7},"end":{"line":107,"column":1}},"loc":{"start":{"line":61,"column":7},"end":{"line":107,"column":1}},"line":61},"4":{"name":"TimeUpdater","decl":{"start":{"line":68,"column":2},"end":{"line":71,"column":3}},"loc":{"start":{"line":68,"column":2},"end":{"line":71,"column":3}},"line":68},"5":{"name":"updateDateTime","decl":{"start":{"line":80,"column":10},"end":{"line":86,"column":3}},"loc":{"start":{"line":80,"column":10},"end":{"line":86,"column":3}},"line":80},"6":{"name":"startUpdate","decl":{"start":{"line":94,"column":9},"end":{"line":97,"column":3}},"loc":{"start":{"line":94,"column":9},"end":{"line":97,"column":3}},"line":94},"7":{"name":"stopUpdate","decl":{"start":{"line":104,"column":9},"end":{"line":106,"column":3}},"loc":{"start":{"line":104,"column":9},"end":{"line":106,"column":3}},"line":104},"8":{"name":"<instance_members_initializer>","decl":{"start":{"line":114,"column":7},"end":{"line":136,"column":1}},"loc":{"start":{"line":114,"column":7},"end":{"line":136,"column":1}},"line":114},"9":{"name":"start","decl":{"start":{"line":123,"column":2},"end":{"line":125,"column":3}},"loc":{"start":{"line":123,"column":2},"end":{"line":125,"column":3}},"line":123},"10":{"name":"stop","decl":{"start":{"line":130,"column":2},"end":{"line":135,"column":3}},"loc":{"start":{"line":130,"column":2},"end":{"line":135,"column":3}},"line":130},"11":{"name":"formatChineseDateTime","decl":{"start":{"line":151,"column":37},"end":{"line":160,"column":1}},"loc":{"start":{"line":151,"column":37},"end":{"line":160,"column":1}},"line":151}},"f":{"0":6,"1":6,"2":6,"3":4,"4":4,"5":5,"6":2,"7":2,"8":5,"9":3,"10":3,"11":5}}
}
